Log file open, 04/21/18 21:43:14
LogWindows: Failed to load 'aqProf.dll' (GetLastError=126)
LogWindows: File 'aqProf.dll' does not exist
LogWindows: Failed to load 'VtuneApi.dll' (GetLastError=126)
LogWindows: File 'VtuneApi.dll' does not exist
LogWindows: Failed to load 'VtuneApi32e.dll' (GetLastError=126)
LogWindows: File 'VtuneApi32e.dll' does not exist
LogInit: Display: Running engine for game: LD41
LogPlatformFile: Not using cached read wrapper
LogInit: Display: RandInit(367651385) SRandInit(367651385).
LogInit: Read version file with build ID '3944462'
LogInit: Overriding engine version to CL 3989454, compatible CL 3944462
LogInit: Registered custom module enumerator with build ID '3944462'
LogTaskGraph: Started task graph with 5 named threads and 11 total threads with 3 sets of task threads.
LogStats: Stats thread started at 0.200218
LogD3D11RHI: Aftermath initialized
LogICUInternationalization: Display: ICU TimeZone Detection - Raw Offset: +1:00, Platform Override: ''
LogModuleManager: Display: Found up-to-date module file ../../../Engine/Plugins/2D/Paper2D/Binaries/Win64/UE4Editor-Paper2D.dll (API version 3944462).
LogModuleManager: Display: Found up-to-date module file ../../../Engine/Plugins/2D/Paper2D/Binaries/Win64/UE4Editor-Paper2DEditor.dll (API version 3944462).
LogModuleManager: Display: Found up-to-date module file ../../../Engine/Plugins/2D/Paper2D/Binaries/Win64/UE4Editor-PaperSpriteSheetImporter.dll (API version 3944462).
LogModuleManager: Display: Found up-to-date module file ../../../Engine/Plugins/2D/Paper2D/Binaries/Win64/UE4Editor-PaperTiledImporter.dll (API version 3944462).
LogModuleManager: Display: Found up-to-date module file ../../../Engine/Plugins/2D/Paper2D/Binaries/Win64/UE4Editor-SmartSnapping.dll (API version 3944462).
LogModuleManager: Display: Found up-to-date module file ../../../Engine/Plugins/Blendables/LightPropagationVolume/Binaries/Win64/UE4Editor-LightPropagationVolumeRuntime.dll (API version 3944462).
LogModuleManager: Display: Found up-to-date module file ../../../Engine/Plugins/Blendables/LightPropagationVolume/Binaries/Win64/UE4Editor-LightPropagationVolumeEditor.dll (API version 3944462).
LogModuleManager: Display: Found up-to-date module file ../../../Engine/Plugins/Developer/CLionSourceCodeAccess/Binaries/Win64/UE4Editor-CLionSourceCodeAccess.dll (API version 3944462).
LogModuleManager: Display: Found up-to-date module file ../../../Engine/Plugins/Developer/GitSourceControl/Binaries/Win64/UE4Editor-GitSourceControl.dll (API version 3944462).
LogModuleManager: Display: Found up-to-date module file ../../../Engine/Plugins/Developer/PerforceSourceControl/Binaries/Win64/UE4Editor-PerforceSourceControl.dll (API version 3944462).
LogModuleManager: Display: Found up-to-date module file ../../../Engine/Plugins/Developer/SubversionSourceControl/Binaries/Win64/UE4Editor-SubversionSourceControl.dll (API version 3944462).
LogModuleManager: Display: Found up-to-date module file ../../../Engine/Plugins/Developer/UObjectPlugin/Binaries/Win64/UE4Editor-UObjectPlugin.dll (API version 3944462).
LogModuleManager: Display: Found up-to-date module file ../../../Engine/Plugins/Developer/VisualStudioCodeSourceCodeAccess/Binaries/Win64/UE4Editor-VisualStudioCodeSourceCodeAccess.dll (API version 3944462).
LogModuleManager: Display: Found up-to-date module file ../../../Engine/Plugins/Developer/VisualStudioSourceCodeAccess/Binaries/Win64/UE4Editor-VisualStudioSourceCodeAccess.dll (API version 3944462).
LogModuleManager: Display: Found up-to-date module file ../../../Engine/Plugins/Editor/AssetManagerEditor/Binaries/Win64/UE4Editor-AssetManagerEditor.dll (API version 3944462).
LogModuleManager: Display: Found up-to-date module file ../../../Engine/Plugins/Editor/CryptoKeys/Binaries/Win64/UE4Editor-CryptoKeys.dll (API version 3944462).
LogModuleManager: Display: Found up-to-date module file ../../../Engine/Plugins/Editor/CryptoKeys/Binaries/Win64/UE4Editor-CryptoKeysOpenSSL.dll (API version 3944462).
LogModuleManager: Display: Found up-to-date module file ../../../Engine/Plugins/Editor/DataValidation/Binaries/Win64/UE4Editor-DataValidation.dll (API version 3944462).
LogModuleManager: Display: Found up-to-date module file ../../../Engine/Plugins/Editor/FacialAnimation/Binaries/Win64/UE4Editor-FacialAnimation.dll (API version 3944462).
LogModuleManager: Display: Found up-to-date module file ../../../Engine/Plugins/Editor/FacialAnimation/Binaries/Win64/UE4Editor-FacialAnimationEditor.dll (API version 3944462).
LogModuleManager: Display: Found up-to-date module file ../../../Engine/Plugins/Editor/GameplayTagsEditor/Binaries/Win64/UE4Editor-GameplayTagsEditor.dll (API version 3944462).
LogModuleManager: Display: Found up-to-date module file ../../../Engine/Plugins/Editor/MobileLauncherProfileWizard/Binaries/Win64/UE4Editor-MobileLauncherProfileWizard.dll (API version 3944462).
LogModuleManager: Display: Found up-to-date module file ../../../Engine/Plugins/Editor/PluginBrowser/Binaries/Win64/UE4Editor-PluginBrowser.dll (API version 3944462).
LogModuleManager: Display: Found up-to-date module file ../../../Engine/Plugins/Editor/SpeedTreeImporter/Binaries/Win64/UE4Editor-SpeedTreeImporter.dll (API version 3944462).
LogModuleManager: Display: Found up-to-date module file ../../../Engine/Plugins/Enterprise/DatasmithContent/Binaries/Win64/UE4Editor-DatasmithContent.dll (API version 3944462).
LogModuleManager: Display: Found up-to-date module file ../../../Engine/Plugins/Experimental/AlembicImporter/Binaries/Win64/UE4Editor-AlembicImporter.dll (API version 3944462).
LogModuleManager: Display: Found up-to-date module file ../../../Engine/Plugins/Experimental/AlembicImporter/Binaries/Win64/UE4Editor-AlembicLibrary.dll (API version 3944462).
LogModuleManager: Display: Found up-to-date module file ../../../Engine/Plugins/Experimental/CharacterAI/Binaries/Win64/UE4Editor-CharacterAI.dll (API version 3944462).
LogModuleManager: Display: Found up-to-date module file ../../../Engine/Plugins/Experimental/HTML5Networking/Binaries/Win64/UE4Editor-HTML5Networking.dll (API version 3944462).
LogModuleManager: Display: Found up-to-date module file ../../../Engine/Plugins/Media/AndroidMedia/Binaries/Win64/UE4Editor-AndroidMediaEditor.dll (API version 3944462).
LogModuleManager: Display: Found up-to-date module file ../../../Engine/Plugins/Media/AndroidMedia/Binaries/Win64/UE4Editor-AndroidMediaFactory.dll (API version 3944462).
LogModuleManager: Display: Found up-to-date module file ../../../Engine/Plugins/Media/AvfMedia/Binaries/Win64/UE4Editor-AvfMediaEditor.dll (API version 3944462).
LogModuleManager: Display: Found up-to-date module file ../../../Engine/Plugins/Media/AvfMedia/Binaries/Win64/UE4Editor-AvfMediaFactory.dll (API version 3944462).
LogModuleManager: Display: Found up-to-date module file ../../../Engine/Plugins/Media/AvfMedia/Binaries/Win64/UE4Editor-AvfMediaFactory.dll (API version 3944462).
LogModuleManager: Display: Found up-to-date module file ../../../Engine/Plugins/Media/ImgMedia/Binaries/Win64/UE4Editor-ImgMedia.dll (API version 3944462).
LogModuleManager: Display: Found up-to-date module file ../../../Engine/Plugins/Media/ImgMedia/Binaries/Win64/UE4Editor-ImgMediaEditor.dll (API version 3944462).
LogModuleManager: Display: Found up-to-date module file ../../../Engine/Plugins/Media/ImgMedia/Binaries/Win64/UE4Editor-ImgMediaFactory.dll (API version 3944462).
LogModuleManager: Display: Found up-to-date module file ../../../Engine/Plugins/Media/ImgMedia/Binaries/Win64/UE4Editor-ImgMediaFactory.dll (API version 3944462).
LogModuleManager: Display: Found up-to-date module file ../../../Engine/Plugins/Media/ImgMedia/Binaries/Win64/UE4Editor-OpenExrWrapper.dll (API version 3944462).
LogModuleManager: Display: Found up-to-date module file ../../../Engine/Plugins/Media/LinearTimecode/Binaries/Win64/UE4Editor-LinearTimecode.dll (API version 3944462).
LogModuleManager: Display: Found up-to-date module file ../../../Engine/Plugins/Media/MediaCompositing/Binaries/Win64/UE4Editor-MediaCompositing.dll (API version 3944462).
LogModuleManager: Display: Found up-to-date module file ../../../Engine/Plugins/Media/MediaCompositing/Binaries/Win64/UE4Editor-MediaCompositingEditor.dll (API version 3944462).
LogModuleManager: Display: Found up-to-date module file ../../../Engine/Plugins/Media/MediaPlayerEditor/Binaries/Win64/UE4Editor-MediaPlayerEditor.dll (API version 3944462).
LogModuleManager: Display: Found up-to-date module file ../../../Engine/Plugins/Media/WmfMedia/Binaries/Win64/UE4Editor-WmfMedia.dll (API version 3944462).
LogModuleManager: Display: Found up-to-date module file ../../../Engine/Plugins/Media/WmfMedia/Binaries/Win64/UE4Editor-WmfMediaEditor.dll (API version 3944462).
LogModuleManager: Display: Found up-to-date module file ../../../Engine/Plugins/Media/WmfMedia/Binaries/Win64/UE4Editor-WmfMediaFactory.dll (API version 3944462).
LogModuleManager: Display: Found up-to-date module file ../../../Engine/Plugins/Media/WmfMedia/Binaries/Win64/UE4Editor-WmfMediaFactory.dll (API version 3944462).
LogModuleManager: Display: Found up-to-date module file ../../../Engine/Plugins/Messaging/TcpMessaging/Binaries/Win64/UE4Editor-TcpMessaging.dll (API version 3944462).
LogModuleManager: Display: Found up-to-date module file ../../../Engine/Plugins/Messaging/UdpMessaging/Binaries/Win64/UE4Editor-UdpMessaging.dll (API version 3944462).
LogModuleManager: Display: Found up-to-date module file ../../../Engine/Plugins/MovieScene/ActorSequence/Binaries/Win64/UE4Editor-ActorSequence.dll (API version 3944462).
LogModuleManager: Display: Found up-to-date module file ../../../Engine/Plugins/MovieScene/LevelSequenceEditor/Binaries/Win64/UE4Editor-LevelSequenceEditor.dll (API version 3944462).
LogModuleManager: Display: Found up-to-date module file ../../../Engine/Plugins/MovieScene/MatineeToLevelSequence/Binaries/Win64/UE4Editor-MatineeToLevelSequence.dll (API version 3944462).
LogModuleManager: Display: Found up-to-date module file ../../../Engine/Plugins/NetcodeUnitTest/NetcodeUnitTest/Binaries/Win64/UE4Editor-NetcodeUnitTest.dll (API version 3944462).
LogModuleManager: Display: Found up-to-date module file ../../../Engine/Plugins/NetcodeUnitTest/NUTUnrealEngine4/Binaries/Win64/UE4Editor-NUTUnrealEngine4.dll (API version 3944462).
LogModuleManager: Display: Found up-to-date module file ../../../Engine/Plugins/Online/OnlineSubsystem/Binaries/Win64/UE4Editor-OnlineSubsystem.dll (API version 3944462).
LogModuleManager: Display: Found up-to-date module file ../../../Engine/Plugins/Runtime/AndroidPermission/Binaries/Win64/UE4Editor-AndroidPermission.dll (API version 3944462).
LogModuleManager: Display: Found up-to-date module file ../../../Engine/Plugins/Online/OnlineSubsystemNull/Binaries/Win64/UE4Editor-OnlineSubsystemNull.dll (API version 3944462).
LogModuleManager: Display: Found up-to-date module file ../../../Engine/Plugins/Online/OnlineSubsystemUtils/Binaries/Win64/UE4Editor-OnlineSubsystemUtils.dll (API version 3944462).
LogModuleManager: Display: Found up-to-date module file ../../../Engine/Plugins/Online/OnlineSubsystemUtils/Binaries/Win64/UE4Editor-OnlineBlueprintSupport.dll (API version 3944462).
LogModuleManager: Display: Found up-to-date module file ../../../Engine/Plugins/Runtime/AndroidDeviceProfileSelector/Binaries/Win64/UE4Editor-AndroidDeviceProfileSelector.dll (API version 3944462).
LogModuleManager: Display: Found up-to-date module file ../../../Engine/Plugins/Runtime/AppleARKit/Binaries/Win64/UE4Editor-AppleARKit.dll (API version 3944462).
LogModuleManager: Display: Found up-to-date module file ../../../Engine/Plugins/Runtime/ProceduralMeshComponent/Binaries/Win64/UE4Editor-ProceduralMeshComponent.dll (API version 3944462).
LogModuleManager: Display: Found up-to-date module file ../../../Engine/Plugins/Runtime/ProceduralMeshComponent/Binaries/Win64/UE4Editor-ProceduralMeshComponentEditor.dll (API version 3944462).
LogModuleManager: Display: Found up-to-date module file ../../../Engine/Plugins/Animation/LiveLink/Binaries/Win64/UE4Editor-LiveLink.dll (API version 3944462).
LogModuleManager: Display: Found up-to-date module file ../../../Engine/Plugins/Animation/LiveLink/Binaries/Win64/UE4Editor-LiveLinkEditor.dll (API version 3944462).
LogModuleManager: Display: Found up-to-date module file ../../../Engine/Plugins/Runtime/ArchVisCharacter/Binaries/Win64/UE4Editor-ArchVisCharacter.dll (API version 3944462).
LogModuleManager: Display: Found up-to-date module file ../../../Engine/Plugins/Runtime/AudioCapture/Binaries/Win64/UE4Editor-AudioCapture.dll (API version 3944462).
LogModuleManager: Display: Found up-to-date module file ../../../Engine/Plugins/Runtime/AudioCapture/Binaries/Win64/UE4Editor-AudioCaptureEditor.dll (API version 3944462).
LogModuleManager: Display: Found up-to-date module file ../../../Engine/Plugins/Runtime/CableComponent/Binaries/Win64/UE4Editor-CableComponent.dll (API version 3944462).
LogModuleManager: Display: Found up-to-date module file ../../../Engine/Plugins/Runtime/CustomMeshComponent/Binaries/Win64/UE4Editor-CustomMeshComponent.dll (API version 3944462).
LogModuleManager: Display: Found up-to-date module file ../../../Engine/Plugins/Runtime/ExampleDeviceProfileSelector/Binaries/Win64/UE4Editor-ExampleDeviceProfileSelector.dll (API version 3944462).
LogModuleManager: Display: Found up-to-date module file ../../../Engine/Plugins/Runtime/ImmediatePhysics/Binaries/Win64/UE4Editor-ImmediatePhysics.dll (API version 3944462).
LogModuleManager: Display: Found up-to-date module file ../../../Engine/Plugins/Runtime/ImmediatePhysics/Binaries/Win64/UE4Editor-ImmediatePhysicsEditor.dll (API version 3944462).
LogModuleManager: Display: Found up-to-date module file ../../../Engine/Plugins/Runtime/LocationServicesBPLibrary/Binaries/Win64/UE4Editor-LocationServicesBPLibrary.dll (API version 3944462).
LogModuleManager: Display: Found up-to-date module file ../../../Engine/Plugins/Runtime/MobilePatchingUtils/Binaries/Win64/UE4Editor-MobilePatchingUtils.dll (API version 3944462).
LogModuleManager: Display: Found up-to-date module file ../../../Engine/Plugins/Runtime/Oculus/OculusVR/Binaries/Win64/UE4Editor-OculusHMD.dll (API version 3944462).
LogModuleManager: Display: Found up-to-date module file ../../../Engine/Plugins/Runtime/Oculus/OculusVR/Binaries/Win64/UE4Editor-OculusInput.dll (API version 3944462).
LogModuleManager: Display: Found up-to-date module file ../../../Engine/Plugins/Runtime/Oculus/OculusVR/Binaries/Win64/UE4Editor-OculusEditor.dll (API version 3944462).
LogModuleManager: Display: Found up-to-date module file ../../../Engine/Plugins/Runtime/PhysXVehicles/Binaries/Win64/UE4Editor-PhysXVehicles.dll (API version 3944462).
LogModuleManager: Display: Found up-to-date module file ../../../Engine/Plugins/Runtime/PhysXVehicles/Binaries/Win64/UE4Editor-PhysXVehiclesEditor.dll (API version 3944462).
LogModuleManager: Display: Found up-to-date module file ../../../Engine/Plugins/Runtime/RuntimePhysXCooking/Binaries/Win64/UE4Editor-RuntimePhysXCooking.dll (API version 3944462).
LogModuleManager: Display: Found up-to-date module file ../../../Engine/Plugins/Runtime/Steam/SteamVR/Binaries/Win64/UE4Editor-SteamVR.dll (API version 3944462).
LogModuleManager: Display: Found up-to-date module file ../../../Engine/Plugins/Runtime/Steam/SteamVR/Binaries/Win64/UE4Editor-SteamVRController.dll (API version 3944462).
LogModuleManager: Display: Found up-to-date module file ../../../Engine/Plugins/Runtime/WindowsMoviePlayer/Binaries/Win64/UE4Editor-WindowsMoviePlayer.dll (API version 3944462).
LogPluginManager: Mounting plugin Paper2D
LogPluginManager: Mounting plugin LiveLink
LogPluginManager: Mounting plugin LightPropagationVolume
LogPluginManager: Mounting plugin CLionSourceCodeAccess
LogPluginManager: Mounting plugin CodeLiteSourceCodeAccess
LogPluginManager: Mounting plugin GitSourceControl
LogPluginManager: Mounting plugin KDevelopSourceCodeAccess
LogPluginManager: Mounting plugin NullSourceCodeAccess
LogPluginManager: Mounting plugin PerforceSourceControl
LogPluginManager: Mounting plugin SubversionSourceControl
LogPluginManager: Mounting plugin UObjectPlugin
LogPluginManager: Mounting plugin VisualStudioCodeSourceCodeAccess
LogPluginManager: Mounting plugin VisualStudioSourceCodeAccess
LogPluginManager: Mounting plugin XCodeSourceCodeAccess
LogPluginManager: Mounting plugin AssetManagerEditor
LogPluginManager: Mounting plugin CryptoKeys
LogPluginManager: Mounting plugin DataValidation
LogPluginManager: Mounting plugin FacialAnimation
LogPluginManager: Mounting plugin GameplayTagsEditor
LogPluginManager: Mounting plugin MobileLauncherProfileWizard
LogPluginManager: Mounting plugin PluginBrowser
LogPluginManager: Mounting plugin SpeedTreeImporter
LogPluginManager: Mounting plugin DatasmithContent
LogPluginManager: Mounting plugin AlembicImporter
LogPluginManager: Mounting plugin CharacterAI
LogPluginManager: Mounting plugin HTML5Networking
LogPluginManager: Mounting plugin AndroidMedia
LogPluginManager: Mounting plugin AvfMedia
LogPluginManager: Mounting plugin ImgMedia
LogPluginManager: Mounting plugin LinearTimecode
LogPluginManager: Mounting plugin MediaCompositing
LogPluginManager: Mounting plugin MediaPlayerEditor
LogPluginManager: Mounting plugin WmfMedia
LogPluginManager: Mounting plugin TcpMessaging
LogPluginManager: Mounting plugin UdpMessaging
LogPluginManager: Mounting plugin ActorSequence
LogPluginManager: Mounting plugin LevelSequenceEditor
LogPluginManager: Mounting plugin MatineeToLevelSequence
LogPluginManager: Mounting plugin NetcodeUnitTest
LogPluginManager: Mounting plugin NUTUnrealEngine4
LogPluginManager: Mounting plugin OnlineSubsystemGooglePlay
LogPluginManager: Mounting plugin OnlineSubsystemIOS
LogPluginManager: Mounting plugin OnlineSubsystem
LogPluginManager: Mounting plugin OnlineSubsystemNull
LogPluginManager: Mounting plugin OnlineSubsystemUtils
LogPluginManager: Mounting plugin AndroidDeviceProfileSelector
LogPluginManager: Mounting plugin AndroidMoviePlayer
LogPluginManager: Mounting plugin AndroidPermission
LogPluginManager: Mounting plugin AppleARKit
LogPluginManager: Mounting plugin AppleMoviePlayer
LogPluginManager: Mounting plugin ArchVisCharacter
LogPluginManager: Mounting plugin AudioCapture
LogPluginManager: Mounting plugin CableComponent
LogPluginManager: Mounting plugin CustomMeshComponent
LogPluginManager: Mounting plugin ExampleDeviceProfileSelector
LogPluginManager: Mounting plugin GoogleCloudMessaging
LogPluginManager: Mounting plugin ImmediatePhysics
LogPluginManager: Mounting plugin IOSDeviceProfileSelector
LogPluginManager: Mounting plugin LinuxDeviceProfileSelector
LogPluginManager: Mounting plugin LocationServicesBPLibrary
LogPluginManager: Mounting plugin MobilePatchingUtils
LogPluginManager: Mounting plugin OculusVR
LogPluginManager: Plugin shader directory ../../../Engine/Plugins/Runtime/Oculus/OculusVR/Shaders found
LogPluginManager: Mapping shader source directory ../../../Engine/Plugins/Runtime/Oculus/OculusVR/Shaders to virtual directory /Plugin/OculusVR
LogPluginManager: Mounting plugin PhysXVehicles
LogPluginManager: Mounting plugin ProceduralMeshComponent
LogPluginManager: Mounting plugin RuntimePhysXCooking
LogPluginManager: Mounting plugin SteamVR
LogPluginManager: Mounting plugin WindowsMoviePlayer
LogStreaming: Display: Took  1.974s to configure plugins.
LogInit: Using libcurl 7.47.1
LogInit:  - built for x86_64-pc-win32
LogInit:  - supports SSL with OpenSSL/1.0.2g
LogInit:  - supports HTTP deflate (compression) using libz 1.2.8
LogInit:  - other features:
LogInit:      CURL_VERSION_SSL
LogInit:      CURL_VERSION_LIBZ
LogInit:      CURL_VERSION_IPV6
LogInit:      CURL_VERSION_ASYNCHDNS
LogInit:      CURL_VERSION_LARGEFILE
LogInit:      CURL_VERSION_IDN
LogInit:  CurlRequestOptions (configurable via config and command line):
LogInit:  - bVerifyPeer = false  - Libcurl will NOT verify peer certificate
LogInit:  - bUseHttpProxy = false  - Libcurl will NOT use HTTP proxy
LogInit:  - bDontReuseConnections = false  - Libcurl will reuse connections
LogInit:  - CertBundlePath = nullptr  - Libcurl will use whatever was configured at build time.
LogInit:  - MaxHostConnections = 16  - Libcurl will limit the number of connections to a host
LogInit:  - LocalHostAddr = Default
LogInit: WinSock: version 1.1 (2.2), MaxSocks=32767, MaxUdp=65467
LogInit: WinSock: I am Sovngarde (192.168.92.1:0)
LogInit: Build: ++UE4+Release-4.19-CL-3989454
LogInit: Engine Version: 4.19.1-3989454+++UE4+Release-4.19
LogInit: Compatible Engine Version: 4.19.0-3944462+++UE4+Release-4.19
LogInit: Net CL: 3944462
LogDevObjectVersion: Number of dev versions registered: 18
LogDevObjectVersion:   Dev-Blueprints (B0D832E4-1F89-4F0D-ACCF-7EB736FD4AA2): 10
LogDevObjectVersion:   Dev-Build (E1C64328-A22C-4D53-A36C-8E866417BD8C): 0
LogDevObjectVersion:   Dev-Core (375EC13C-06E4-48FB-B500-84F0262A717E): 2
LogDevObjectVersion:   Dev-Editor (E4B068ED-F494-42E9-A231-DA0B2E46BB41): 23
LogDevObjectVersion:   Dev-Framework (CFFC743F-43B0-4480-9391-14DF171D2073): 33
LogDevObjectVersion:   Dev-Mobile (B02B49B5-BB20-44E9-A304-32B752E40360): 2
LogDevObjectVersion:   Dev-Networking (A4E4105C-59A1-49B5-A7C5-40C4547EDFEE): 0
LogDevObjectVersion:   Dev-Online (39C831C9-5AE6-47DC-9A44-9C173E1C8E7C): 0
LogDevObjectVersion:   Dev-Physics (78F01B33-EBEA-4F98-B9B4-84EACCB95AA2): 0
LogDevObjectVersion:   Dev-Platform (6631380F-2D4D-43E0-8009-CF276956A95A): 0
LogDevObjectVersion:   Dev-Rendering (12F88B9F-8875-4AFC-A67C-D90C383ABD29): 25
LogDevObjectVersion:   Dev-Sequencer (7B5AE74C-D270-4C10-A958-57980B212A5A): 6
LogDevObjectVersion:   Dev-VR (D7296918-1DD6-4BDD-9DE2-64A83CC13884): 1
LogDevObjectVersion:   Dev-LoadTimes (C2A15278-BFE7-4AFE-6C17-90FF531DF755): 1
LogDevObjectVersion:   Private-Geometry (6EACA3D4-40EC-4CC1-B786-8BED09428FC5): 2
LogDevObjectVersion:   Dev-AnimPhys (29E575DD-E0A3-4627-9D10-D276232CDCEA): 16
LogDevObjectVersion:   Dev-ReflectionCapture (6B266CEC-1EC7-4B8F-A30B-E4D90942FC07): 1
LogDevObjectVersion:   Dev-Automation (0DF73D61-A23F-47EA-B727-89E90C41499A): 1
LogInit: Compiled (64-bit): Apr  6 2018 12:26:04
LogInit: Compiled with Visual C++: 19.00.24215.01
LogInit: Build Configuration: Development
LogInit: Branch Name: ++UE4+Release-4.19
LogInit: Command Line: -EpicPortal 
LogInit: Base Directory: C:/Program Files/Epic Games/UE_4.19/Engine/Binaries/Win64/
LogInit: Installed Engine Build: 1
LogStreaming: Display: Took  0.003s to delete old logs.
LogInit: Presizing for max 8388607 objects, including 0 objects not considered by GC, pre-allocating 0 bytes for permanent pool.
LogInit: Object subsystem initialized
[2018.04.21-19.43.16:802][  0]LogInit: Selected Device Profile: [Windows]
[2018.04.21-19.43.16:802][  0]LogInit: Applying CVar settings loaded from the selected device profile: [Windows]
[2018.04.21-19.43.16:869][  0]LogInit: Computer: SOVNGARDE
[2018.04.21-19.43.16:869][  0]LogInit: User: Tea
[2018.04.21-19.43.16:869][  0]LogInit: CPU Page size=4096, Cores=2
[2018.04.21-19.43.16:869][  0]LogInit: High frequency timer resolution =2.143475 MHz
[2018.04.21-19.43.16:870][  0]LogMemory: Memory total: Physical=11.9GB (12GB approx)
[2018.04.21-19.43.16:870][  0]LogMemory: Platform Memory Stats for Windows
[2018.04.21-19.43.16:870][  0]LogMemory: Process Physical Memory: 274.65 MB used, 274.65 MB peak
[2018.04.21-19.43.16:870][  0]LogMemory: Process Virtual Memory: 265.94 MB used, 265.94 MB peak
[2018.04.21-19.43.16:870][  0]LogMemory: Physical Memory: 5802.91 MB used,  6384.51 MB free, 12187.42 MB total
[2018.04.21-19.43.16:870][  0]LogMemory: Virtual Memory: 666.77 MB used,  6384.51 MB free, 134217728.00 MB total
[2018.04.21-19.43.16:933][  0]LogInit: Using OS detected language (en-US).
[2018.04.21-19.43.16:933][  0]LogInit: Using OS detected locale (en-US).
[2018.04.21-19.43.16:940][  0]LogTextLocalizationManager: No specific localization for 'en-US' exists, so the 'en' localization will be used.
[2018.04.21-19.43.17:531][  0]LogStreaming: Display: Took  0.599s to EndInitTextLocalization.
[2018.04.21-19.43.17:531][  0]LogInit: Setting process to per monitor DPI aware
[2018.04.21-19.43.17:580][  0]LogSlate: New Slate User Created.  User Index 0, Is Virtual User: 0
[2018.04.21-19.43.17:580][  0]LogSlate: Slate User Registered.  User Index 0, Is Virtual User: 0
[2018.04.21-19.43.17:940][  0]LogD3D11RHI: D3D11 adapters:
[2018.04.21-19.43.18:001][  0]LogD3D11RHI:    0. 'NVIDIA GeForce GTX 950M' (Feature Level 11_0)
[2018.04.21-19.43.18:001][  0]LogD3D11RHI:       4065/0/6093 MB DedicatedVideo/DedicatedSystem/SharedSystem, Outputs:1, VendorId:0x10de
[2018.04.21-19.43.18:008][  0]LogD3D11RHI:    1. 'Intel(R) HD Graphics 5500' (Feature Level 11_0)
[2018.04.21-19.43.18:008][  0]LogD3D11RHI:       128/0/6093 MB DedicatedVideo/DedicatedSystem/SharedSystem, Outputs:0, VendorId:0x8086
[2018.04.21-19.43.18:012][  0]LogD3D11RHI:    2. 'Microsoft Basic Render Driver' (Feature Level 11_0)
[2018.04.21-19.43.18:012][  0]LogD3D11RHI:       0/0/6093 MB DedicatedVideo/DedicatedSystem/SharedSystem, Outputs:0, VendorId:0x1414
[2018.04.21-19.43.18:012][  0]LogD3D11RHI: Chosen D3D11 Adapter: 0
[2018.04.21-19.43.18:020][  0]LogD3D11RHI: Creating new Direct3DDevice
[2018.04.21-19.43.18:020][  0]LogD3D11RHI:     GPU DeviceId: 0x139a (for the marketing name, search the web for "GPU Device Id")
[2018.04.21-19.43.18:020][  0]LogWindows: EnumDisplayDevices:
[2018.04.21-19.43.18:020][  0]LogWindows:    0. 'Intel(R) HD Graphics 5500' (P:1 D:1)
[2018.04.21-19.43.18:020][  0]LogWindows:    1. 'Intel(R) HD Graphics 5500' (P:0 D:0)
[2018.04.21-19.43.18:021][  0]LogWindows:    2. 'Intel(R) HD Graphics 5500' (P:0 D:0)
[2018.04.21-19.43.18:021][  0]LogWindows: DebugString: GetVideoDriverDetailsInvalid PrimaryIsNotTheChoosenAdapter GetVideoDriverDetailsInvalid PrimaryIsNotTheChoosenAdapter GetVideoDriverDetailsInvalid PrimaryIsNotTheChoosenAdapter FoundDriverCount:0 
[2018.04.21-19.43.18:021][  0]LogD3D11RHI:     Adapter Name: NVIDIA GeForce GTX 950M
[2018.04.21-19.43.18:021][  0]LogD3D11RHI:   Driver Version: Unknown (internal:Unknown, unified:Unknown)
[2018.04.21-19.43.18:021][  0]LogD3D11RHI:      Driver Date: Unknown
[2018.04.21-19.43.18:021][  0]LogRHI: Texture pool is 2846 MB (70% of 4065 MB)
[2018.04.21-19.43.18:054][  0]LogD3D11RHI: [Aftermath] Aftermath enabled but failed to initialize
[2018.04.21-19.43.18:054][  0]LogD3D11RHI: [Aftermath] Aftermath enabled and primed
[2018.04.21-19.43.18:054][  0]LogD3D11RHI: Async texture creation enabled
[2018.04.21-19.43.18:071][  0]LogD3D11RHI: GPU Timing Frequency: 1000.000000 (Debug: 2 1)
[2018.04.21-19.43.18:073][  0]LogShaderCompilers: Guid format shader working directory is -12 characters bigger than the processId version (../../../../../../Users/Tea/Documents/LudumDare_41/LD41/Intermediate/Shaders/WorkingDirectory/10276/).
[2018.04.21-19.43.18:073][  0]LogShaderCompilers: Cleaned the shader compiler working directory 'C:/Users/Tea/AppData/Local/Temp/UnrealShaderWorkingDir/B76FAECF414BBB6FEC34D194A4B4C161/'.
[2018.04.21-19.43.18:438][  0]LogTemp: Display: Loaded TP AllDesktopTargetPlatform
[2018.04.21-19.43.18:457][  0]LogTemp: Display: Loaded TP MacClientTargetPlatform
[2018.04.21-19.43.18:477][  0]LogTemp: Display: Loaded TP MacNoEditorTargetPlatform
[2018.04.21-19.43.18:496][  0]LogTemp: Display: Loaded TP MacServerTargetPlatform
[2018.04.21-19.43.18:515][  0]LogTemp: Display: Loaded TP MacTargetPlatform
[2018.04.21-19.43.18:536][  0]LogTemp: Display: Loaded TP WindowsClientTargetPlatform
[2018.04.21-19.43.18:557][  0]LogTemp: Display: Loaded TP WindowsNoEditorTargetPlatform
[2018.04.21-19.43.18:580][  0]LogTemp: Display: Loaded TP WindowsServerTargetPlatform
[2018.04.21-19.43.18:589][  0]LogTemp: Display: Loaded TP WindowsTargetPlatform
[2018.04.21-19.43.18:605][  0]LogTemp: Display: Loaded TP Android_ASTCTargetPlatform
[2018.04.21-19.43.18:622][  0]LogTemp: Display: Loaded TP Android_ATCTargetPlatform
[2018.04.21-19.43.18:639][  0]LogTemp: Display: Loaded TP Android_DXTTargetPlatform
[2018.04.21-19.43.18:658][  0]LogTemp: Display: Loaded TP Android_ETC1aTargetPlatform
[2018.04.21-19.43.18:682][  0]LogTemp: Display: Loaded TP Android_ETC1TargetPlatform
[2018.04.21-19.43.18:707][  0]LogTemp: Display: Loaded TP Android_ETC2TargetPlatform
[2018.04.21-19.43.18:751][  0]LogTemp: Display: Loaded TP Android_MultiTargetPlatform
[2018.04.21-19.43.18:751][  0]LogTemp: Display: Loaded TP Android_PVRTCTargetPlatform
[2018.04.21-19.43.18:773][  0]LogTemp: Display: Loaded TP AndroidTargetPlatform
[2018.04.21-19.43.18:776][  0]LogTemp: Display: Loaded TP HTML5TargetPlatform
[2018.04.21-19.43.18:826][  0]LogTemp: Display: Loaded TP IOSTargetPlatform
[2018.04.21-19.43.18:854][  0]LogTemp: Display: Loaded TP TVOSTargetPlatform
[2018.04.21-19.43.18:878][  0]LogTemp: Display: Loaded TP LinuxClientTargetPlatform
[2018.04.21-19.43.18:901][  0]LogTemp: Display: Loaded TP LinuxNoEditorTargetPlatform
[2018.04.21-19.43.18:918][  0]LogTemp: Display: Loaded TP LinuxServerTargetPlatform
[2018.04.21-19.43.18:940][  0]LogTemp: Display: Loaded TP LinuxTargetPlatform
[2018.04.21-19.43.18:940][  0]LogTargetPlatformManager: Display: Building Assets For Windows
[2018.04.21-19.43.19:119][  0]LogXGEController: Cannot use XGE Controller as Incredibuild is not installed on this machine.
[2018.04.21-19.43.19:119][  0]LogShaderCompilers: Cannot use XGE Shader Compiler as Incredibuild is not installed on this machine.
[2018.04.21-19.43.19:119][  0]LogShaderCompilers: Display: Using Local Shader Compiler.
[2018.04.21-19.43.20:176][  0]LogDerivedDataCache: Display: Max Cache Size: 512 MB
[2018.04.21-19.43.20:287][  0]LogDerivedDataCache: Loaded boot cache 0.11s 74MB C:/Users/Tea/AppData/Local/UnrealEngine/4.19/DerivedDataCache/Boot.ddc.
[2018.04.21-19.43.20:287][  0]LogDerivedDataCache: Display: Loaded Boot cache: C:/Users/Tea/AppData/Local/UnrealEngine/4.19/DerivedDataCache/Boot.ddc
[2018.04.21-19.43.20:287][  0]LogDerivedDataCache: FDerivedDataBackendGraph:  Pak pak cache file ../../../../../../Users/Tea/Documents/LudumDare_41/LD41/DerivedDataCache/DDC.ddp not found, will not use a pak cache.
[2018.04.21-19.43.20:287][  0]LogDerivedDataCache: Unable to find inner node Pak for hierarchical cache Hierarchy.
[2018.04.21-19.43.20:287][  0]LogDerivedDataCache: FDerivedDataBackendGraph:  CompressedPak pak cache file ../../../../../../Users/Tea/Documents/LudumDare_41/LD41/DerivedDataCache/Compressed.ddp not found, will not use a pak cache.
[2018.04.21-19.43.20:287][  0]LogDerivedDataCache: Unable to find inner node CompressedPak for hierarchical cache Hierarchy.
[2018.04.21-19.43.20:310][  0]LogDerivedDataCache: Display: Pak cache opened for reading ../../../Engine/DerivedDataCache/Compressed.ddp.
[2018.04.21-19.43.20:324][  0]LogDerivedDataCache: Using Local data cache path C:/Users/Tea/AppData/Local/UnrealEngine/Common/DerivedDataCache: Writable
[2018.04.21-19.43.20:340][  0]LogMaterial: Verifying Global Shaders for PCD3D_SM5
[2018.04.21-19.43.20:340][  0]LogSlate: Using Freetype 2.6.0
[2018.04.21-19.43.20:341][  0]LogSlate: SlateFontCache - WITH_FREETYPE: 1, WITH_HARFBUZZ: 1
[2018.04.21-19.43.20:341][  0]LogSlate: SlateFontCache - WITH_FREETYPE: 1, WITH_HARFBUZZ: 1
[2018.04.21-19.43.20:538][  0]LogAssetRegistry: FAssetRegistry took 0.0290 seconds to start up
[2018.04.21-19.43.21:077][  0]LogInit: Selected Device Profile: [Windows]
[2018.04.21-19.43.21:337][  0]LogSimplygon: Simplygon DLL not present - disabling.
[2018.04.21-19.43.21:344][  0]LogMeshReduction: Using SimplygonSwarm for distributed automatic mesh merging
[2018.04.21-19.43.21:344][  0]LogMeshReduction: Using QuadricMeshReduction for automatic static mesh reduction
[2018.04.21-19.43.21:344][  0]LogMeshReduction: No automatic skeletal mesh reduction module available
[2018.04.21-19.43.21:344][  0]LogMeshReduction: No automatic mesh merging module available
[2018.04.21-19.43.21:344][  0]LogMeshMerging: No automatic mesh merging module available
[2018.04.21-19.43.21:399][  0]LogNetVersion: LD41 , NetCL: 3944462, EngineNetVer: 2, GameNetVer: 0 (Checksum: 2830383413)
[2018.04.21-19.43.22:325][  0]LogPackageLocalizationCache: Processed 9 localized package path(s) for 2 prioritized culture(s) in 0.287820 seconds
[2018.04.21-19.43.22:333][  0]LogUObjectArray: 36728 objects as part of root set at end of initial load.
[2018.04.21-19.43.22:333][  0]LogUObjectAllocator: 7314304 out of 0 bytes used by permanent object pool.
[2018.04.21-19.43.22:333][  0]LogUObjectArray: CloseDisregardForGC: 0/0 objects in disregard for GC pool
[2018.04.21-19.43.25:086][  0]LogTcpMessaging: Initializing TcpMessaging bridge
[2018.04.21-19.43.25:128][  0]LogUdpMessaging: Initializing bridge on interface 0.0.0.0:0 to multicast group 230.0.0.1:6666.
[2018.04.21-19.43.26:083][  0]SourceControl: Source control is disabled
[2018.04.21-19.43.26:083][  0]SourceControl: Source control is disabled
[2018.04.21-19.43.26:122][  0]SourceControl: Source control is disabled
[2018.04.21-19.43.26:155][  0]SourceControl: Source control is disabled
[2018.04.21-19.43.27:015][  0]LogAndroidPermission: UAndroidPermissionCallbackProxy::GetInstance
[2018.04.21-19.43.27:273][  0]LogOcInput: OculusInput pre-init called
[2018.04.21-19.43.27:461][  0]LogEngine: Initializing Engine...
[2018.04.21-19.43.27:464][  0]LogHMD: Failed to initialize OpenVR with code 110
[2018.04.21-19.43.27:467][  0]LogStats: UGameplayTagsManager::ConstructGameplayTagTree: Construct from data asset -  0.000 s
[2018.04.21-19.43.27:467][  0]LogStats: UGameplayTagsManager::ConstructGameplayTagTree: GameplayTagTreeChangedEvent.Broadcast -  0.000 s
[2018.04.21-19.43.27:821][  0]LogAIModule: Creating AISystem for world Untitled
[2018.04.21-19.43.27:837][  0]LogInit: XAudio2 using 'Speakers (Realtek High Definition Audio)' : 2 channels at 48 kHz using 32 bits per sample (channel mask 0x3)
[2018.04.21-19.43.27:859][  0]LogInit: FAudioDevice initialized.
[2018.04.21-19.43.27:963][  0]LogDerivedDataCache: Saved boot cache 0.10s 74MB C:/Users/Tea/AppData/Local/UnrealEngine/4.19/DerivedDataCache/Boot.ddc.
[2018.04.21-19.43.27:979][  0]LogInit: Texture streaming: Enabled
[2018.04.21-19.43.28:010][  0]LogEngineSessionManager: EngineSessionManager initialized
[2018.04.21-19.43.28:032][  0]LogInit: Transaction tracking system initialized
[2018.04.21-19.43.28:078][  0]BlueprintLog: New page: Editor Load
[2018.04.21-19.43.28:221][  0]LocalizationService: Localization service is disabled
[2018.04.21-19.43.28:402][  0]LogConsoleResponse: Display: 
[2018.04.21-19.43.28:666][  0]LogCook: Display: Max memory allowance for cook 16384mb min free memory 0mb
[2018.04.21-19.43.28:666][  0]LogCook: Display: Mobile HDR setting 1
[2018.04.21-19.43.28:666][  0]LogGameplayTags: Display: UGameplayTagsManager::DoneAddingNativeTags. DelegateIsBound: 0
[2018.04.21-19.43.28:666][  0]LogStats: UGameplayTagsManager::ConstructGameplayTagTree: Construct from data asset -  0.000 s
[2018.04.21-19.43.28:666][  0]LogStats: UGameplayTagsManager::ConstructGameplayTagTree: GameplayTagTreeChangedEvent.Broadcast -  0.000 s
[2018.04.21-19.43.29:072][  0]LogFileCache: Scanning file cache for directory 'C:/Users/Tea/Documents/LudumDare_41/LD41/Content/' took 0.02s
[2018.04.21-19.43.29:462][  0]SourceControl: Source control is disabled
[2018.04.21-19.43.29:462][  0]Cmd: MAP LOAD FILE="../../../../../../Users/Tea/Documents/LudumDare_41/LD41/Content/FirstPersonBP/Maps/FirstPersonExampleMap.umap" TEMPLATE=0 SHOWPROGRESS=1 FEATURELEVEL=3
[2018.04.21-19.43.29:463][  0]LogEditorServer: Warning: Can't find file '../../../../../../Users/Tea/Documents/LudumDare_41/LD41/Content/FirstPersonBP/Maps/FirstPersonExampleMap.umap'
[2018.04.21-19.43.29:463][  0]Cmd: MAP CHECKDEP NOCLEARLOG
[2018.04.21-19.43.29:556][  0]MapCheck: Map check complete: 0 Error(s), 0 Warning(s), took 92.915ms to complete.
[2018.04.21-19.43.29:556][  0]LogFileHelpers: Loading map 'FirstPersonExampleMap' took 0.094
[2018.04.21-19.43.29:646][  0]LogWindowsTextInputMethodSystem: Display: IME system now deactivated.
[2018.04.21-19.43.29:873][  0]LogCollectionManager: Loaded 0 collections in 0.004323 seconds
[2018.04.21-19.43.29:931][  0]LogFileCache: Scanning file cache for directory 'C:/Users/Tea/Documents/LudumDare_41/LD41/Saved/Collections/' took 0.01s
[2018.04.21-19.43.29:931][  0]LogFileCache: Scanning file cache for directory 'C:/Users/Tea/Documents/LudumDare_41/LD41/Content/Developers/Tea/Collections/' took 0.01s
[2018.04.21-19.43.29:931][  0]LogFileCache: Scanning file cache for directory 'C:/Users/Tea/Documents/LudumDare_41/LD41/Content/Collections/' took 0.01s
[2018.04.21-19.43.29:931][  0]LogCollectionManager: Rebuilt the GUID cache for 0 collections in 0.000000 seconds
[2018.04.21-19.43.29:950][  0]LogContentBrowser: Native class hierarchy populated in 0.0187 seconds. Added 2452 classes and 558 folders.
[2018.04.21-19.43.29:967][  0]LogContentBrowser: Native class hierarchy updated for 'WidgetCarousel' in 0.0008 seconds. Added 0 classes and 0 folders.
[2018.04.21-19.43.30:058][  0]LogContentBrowser: Native class hierarchy updated for 'AddContentDialog' in 0.0003 seconds. Added 0 classes and 0 folders.
[2018.04.21-19.43.30:065][  0]LogContentBrowser: Native class hierarchy updated for 'SceneOutliner' in 0.0005 seconds. Added 1 classes and 2 folders.
[2018.04.21-19.43.30:089][  0]LogSlate: Took 0.000511 seconds to synchronously load lazily loaded font '../../../Engine/Content/Slate/Fonts/Roboto-Regular.ttf' (155K)
[2018.04.21-19.43.30:092][  0]LogSlate: Took 0.000409 seconds to synchronously load lazily loaded font '../../../Engine/Content/Slate/Fonts/Roboto-Bold.ttf' (160K)
[2018.04.21-19.43.30:111][  0]LogSlate: Took 0.000504 seconds to synchronously load lazily loaded font '../../../Engine/Content/Editor/Slate/Fonts/FontAwesome.ttf' (139K)
[2018.04.21-19.43.30:262][  0]LogRenderer: Reallocating scene render targets to support 1208x636 Format 10 NumSamples 1 (Frame:1).
[2018.04.21-19.43.30:452][  0]LogSlate: FSceneViewport::OnFocusLost() reason 2
[2018.04.21-19.43.30:479][  0]LogSlate: Window 'Tutorials' being destroyed
[2018.04.21-19.43.30:514][  0]LogContentBrowser: Native class hierarchy updated for 'HierarchicalLODOutliner' in 0.0007 seconds. Added 0 classes and 0 folders.
[2018.04.21-19.43.30:514][  0]LogLoad: (Engine Initialization) Total time: 17.80 seconds
[2018.04.21-19.43.30:514][  0]LogLoad: (Engine Initialization) Total Blueprint compile time: 0.00 seconds
[2018.04.21-19.43.30:551][  0]LogContentStreaming: Texture pool size now 1000 MB
[2018.04.21-19.43.30:573][  0]LogSlate: Took 0.000314 seconds to synchronously load lazily loaded font '../../../Engine/Content/Slate/Fonts/Roboto-Light.ttf' (167K)
[2018.04.21-19.43.30:602][  1]LogAssetRegistry: Asset discovery search completed in 10.0880 seconds
[2018.04.21-19.43.30:605][  1]LogCollectionManager: Rebuilt the object cache for 0 collections in 0.000000 seconds (found 0 objects)
[2018.04.21-19.43.30:605][  1]LogCollectionManager: Fixed up redirectors for 0 collections in 0.000082 seconds (updated 0 objects)
[2018.04.21-19.43.31:610][ 31]LogSlate: Took 0.000730 seconds to synchronously load lazily loaded font '../../../Engine/Content/Slate/Fonts/Roboto-Light.ttf' (167K)
[2018.04.21-19.43.36:465][176]LogSlate: FSceneViewport::OnFocusLost() reason 0
[2018.04.21-19.43.40:015][270]LogSlate: FSceneViewport::OnFocusLost() reason 0
[2018.04.21-19.43.42:873][298]LogContentBrowser: Native class hierarchy updated for 'BlueprintGraph' in 0.0013 seconds. Added 116 classes and 0 folders.
[2018.04.21-19.43.43:823][298]PIE: Warning: Trying to simulate physics on ''/Engine/Transient.World_0:PersistentLevel.Soba_Blueprint_C_1.FrontWall'' but it has ComplexAsSimple collision.
[2018.04.21-19.43.43:836][298]LogSlate: Took 0.000585 seconds to synchronously load lazily loaded font '../../../Engine/Content/Slate/Fonts/Roboto-BoldCondensed.ttf' (158K)
[2018.04.21-19.43.47:504][367]LogSlate: Window 'Soba_Blueprint' being destroyed
[2018.04.21-19.43.49:674][459]PIE: Warning: Trying to simulate physics on ''/Engine/Transient.World_0:PersistentLevel.Soba_Blueprint_C_1.FrontWall'' but it has ComplexAsSimple collision.
[2018.04.21-19.43.49:683][459]PIE: Warning: Trying to simulate physics on ''/Engine/Transient.World_0:PersistentLevel.Soba_Blueprint_C_1.FrontWall'' but it has ComplexAsSimple collision.
[2018.04.21-19.43.49:688][459]PIE: Warning: Trying to simulate physics on ''/Engine/Transient.World_0:PersistentLevel.Soba_Blueprint_C_1.FrontWall'' but it has ComplexAsSimple collision.
[2018.04.21-19.43.49:736][460]LogRenderer: Reallocating scene render targets to support 1208x712 Format 10 NumSamples 1 (Frame:1).
[2018.04.21-19.44.01:685][807]PIE: Warning: Trying to simulate physics on ''/Engine/Transient.World_0:PersistentLevel.Soba_Blueprint_C_1.FrontWall'' but it has ComplexAsSimple collision.
[2018.04.21-19.44.01:700][807]PIE: Warning: Trying to simulate physics on ''/Engine/Transient.World_0:PersistentLevel.Soba_Blueprint_C_1.FrontWall'' but it has ComplexAsSimple collision.
[2018.04.21-19.44.01:710][807]PIE: Warning: Trying to simulate physics on ''/Engine/Transient.World_0:PersistentLevel.Soba_Blueprint_C_1.FrontWall'' but it has ComplexAsSimple collision.
[2018.04.21-19.44.01:910][807]PIE: Warning: Trying to simulate physics on ''/Engine/Transient.World_0:PersistentLevel.Soba_Blueprint_C_1.FrontWall'' but it has ComplexAsSimple collision.
[2018.04.21-19.44.01:922][807]PIE: Warning: Trying to simulate physics on ''/Engine/Transient.World_0:PersistentLevel.Soba_Blueprint_C_1.FrontWall'' but it has ComplexAsSimple collision.
[2018.04.21-19.44.01:933][807]PIE: Warning: Trying to simulate physics on ''/Engine/Transient.World_0:PersistentLevel.Soba_Blueprint_C_1.FrontWall'' but it has ComplexAsSimple collision.
[2018.04.21-19.44.03:357][849]PIE: Warning: Trying to simulate physics on ''/Engine/Transient.World_0:PersistentLevel.Soba_Blueprint_C_1.FrontWall'' but it has ComplexAsSimple collision.
[2018.04.21-19.44.03:359][849]PIE: Warning: Trying to simulate physics on ''/Engine/Transient.World_0:PersistentLevel.Soba_Blueprint_C_1.FrontWall'' but it has ComplexAsSimple collision.
[2018.04.21-19.44.03:361][849]PIE: Warning: Trying to simulate physics on ''/Engine/Transient.World_0:PersistentLevel.Soba_Blueprint_C_1.FrontWall'' but it has ComplexAsSimple collision.
[2018.04.21-19.44.03:478][849]PIE: Warning: Trying to simulate physics on ''/Engine/Transient.World_0:PersistentLevel.Soba_Blueprint_C_1.FrontWall'' but it has ComplexAsSimple collision.
[2018.04.21-19.44.03:482][849]PIE: Warning: Trying to simulate physics on ''/Engine/Transient.World_0:PersistentLevel.Soba_Blueprint_C_1.FrontWall'' but it has ComplexAsSimple collision.
[2018.04.21-19.44.03:486][849]PIE: Warning: Trying to simulate physics on ''/Engine/Transient.World_0:PersistentLevel.Soba_Blueprint_C_1.FrontWall'' but it has ComplexAsSimple collision.
[2018.04.21-19.44.07:847][955]LogSlate: FSceneViewport::OnFocusLost() reason 2
[2018.04.21-19.44.08:001][955]Cmd: OBJ SAVEPACKAGE PACKAGE="/Game/Soba_Blueprint" FILE="../../../../../../Users/Tea/Documents/LudumDare_41/LD41/Content/Soba_Blueprint.uasset" SILENT=true
[2018.04.21-19.44.08:080][955]LogSavePackage: Save=64.08ms
[2018.04.21-19.44.08:080][955]LogSavePackage: Moving '../../../../../../Users/Tea/Documents/LudumDare_41/LD41/Saved/Soba_BlueprintC883BF0645E2CFE24309B6AEFFFF6679.tmp' to '../../../../../../Users/Tea/Documents/LudumDare_41/LD41/Content/Soba_Blueprint.uasset'
[2018.04.21-19.44.08:100][955]LogSavePackage: Display: Finished SavePackage ../../../../../../Users/Tea/Documents/LudumDare_41/LD41/Content/Soba_Blueprint.uasset
[2018.04.21-19.44.08:902][977]LogSlate: FSceneViewport::OnFocusLost() reason 0
[2018.04.21-19.44.17:186][154]LogSkeletalMesh: Skeletal Mesh found in DDC [4.958303ms] /Game/FirstPerson/FPWeapon/Mesh/SK_FPGun.SK_FPGun
[2018.04.21-19.44.17:222][154]LogSkeletalMesh: Skeletal Mesh found in DDC [7.323622ms] /Game/FirstPerson/Character/Mesh/SK_Mannequin_Arms.SK_Mannequin_Arms
[2018.04.21-19.44.17:319][154]LogAIModule: Creating AISystem for world L0
[2018.04.21-19.44.21:510][255]Cmd: MAP LOAD FILE="../../../../../../Users/Tea/Documents/LudumDare_41/LD41/Content/FirstPersonBP/Maps/L0.umap" TEMPLATE=0 SHOWPROGRESS=1 FEATURELEVEL=3
[2018.04.21-19.44.21:511][255]LightingResults: New page: Lighting Build
[2018.04.21-19.44.21:516][255]LogContentBrowser: Native class hierarchy updated for 'StatsViewer' in 0.0005 seconds. Added 5 classes and 0 folders.
[2018.04.21-19.44.21:518][255]LoadErrors: New page: Loading map: L0.umap
[2018.04.21-19.44.21:520][255]MapCheck: New page: Map Check
[2018.04.21-19.44.21:520][255]LightingResults: New page: Lighting Build
[2018.04.21-19.44.21:550][255]PIE: Warning: Trying to simulate physics on ''/Game/FirstPersonBP/Maps/L0.L0:PersistentLevel.Soba_Blueprint_188.FrontWall'' but it has ComplexAsSimple collision.
[2018.04.21-19.44.21:558][255]PIE: Warning: Trying to simulate physics on ''/Game/FirstPersonBP/Maps/L0.L0:PersistentLevel.Soba_Blueprint_188.FrontWall'' but it has ComplexAsSimple collision.
[2018.04.21-19.44.21:561][255]PIE: Warning: Trying to simulate physics on ''/Game/FirstPersonBP/Maps/L0.L0:PersistentLevel.Soba_Blueprint_188.FrontWall'' but it has ComplexAsSimple collision.
[2018.04.21-19.44.21:567][255]LogEditorServer: Finished looking for orphan Actors (0.000 secs)
[2018.04.21-19.44.21:644][255]Cmd: MAP CHECKDEP NOCLEARLOG
[2018.04.21-19.44.21:765][255]MapCheck: Map check complete: 0 Error(s), 0 Warning(s), took 120.396ms to complete.
[2018.04.21-19.44.21:766][255]LogFileHelpers: Loading map 'L0' took 0.259
[2018.04.21-19.44.42:311][851]LogSlate: FSceneViewport::OnFocusLost() reason 0
[2018.04.21-19.44.48:385][984]LogSlate: FSceneViewport::OnFocusLost() reason 0
[2018.04.21-19.44.51:404][ 71]LogEditorViewport: Clicking on Actor (LMB): Soba_Blueprint_C (Soba_Blueprint)
[2018.04.21-19.44.56:752][220]LogSlate: FSceneViewport::OnFocusLost() reason 0
[2018.04.21-19.44.56:885][222]LogTemp: Repeating last play command: Selected Viewport
[2018.04.21-19.44.56:953][222]LogBlueprintUserMessages: Early PlayInEditor Detection: Level '/Game/FirstPersonBP/Maps/L0.L0:PersistentLevel' has LevelScriptBlueprint '/Game/FirstPersonBP/Maps/L0.L0:PersistentLevel.L0' with GeneratedClass '/Game/FirstPersonBP/Maps/L0.L0_C' with ClassGeneratedBy '/Game/FirstPersonBP/Maps/L0.L0:PersistentLevel.L0'
[2018.04.21-19.44.56:954][222]BlueprintLog: New page: Pre-Play auto-recompile
[2018.04.21-19.44.56:970][222]LogPlayLevel: [PlayLevel] Compiling Soba_Blueprint before play...
[2018.04.21-19.44.57:150][222]PIE: Warning: Trying to simulate physics on ''/Engine/Transient.World_0:PersistentLevel.Soba_Blueprint_C_1.FrontWall'' but it has ComplexAsSimple collision.
[2018.04.21-19.44.57:154][222]PIE: Warning: Trying to simulate physics on ''/Engine/Transient.World_0:PersistentLevel.Soba_Blueprint_C_1.FrontWall'' but it has ComplexAsSimple collision.
[2018.04.21-19.44.57:249][222]PIE: Warning: Trying to simulate physics on ''/Game/FirstPersonBP/Maps/L0.L0:PersistentLevel.Soba_Blueprint_188.FrontWall'' but it has ComplexAsSimple collision.
[2018.04.21-19.44.57:252][222]PIE: Warning: Trying to simulate physics on ''/Game/FirstPersonBP/Maps/L0.L0:PersistentLevel.Soba_Blueprint_188.FrontWall'' but it has ComplexAsSimple collision.
[2018.04.21-19.44.57:453][222]PIE: Warning: Trying to simulate physics on ''/Engine/Transient.World_0:PersistentLevel.Soba_Blueprint_C_1.FrontWall'' but it has ComplexAsSimple collision.
[2018.04.21-19.44.57:457][222]PIE: Warning: Trying to simulate physics on ''/Engine/Transient.World_0:PersistentLevel.Soba_Blueprint_C_1.FrontWall'' but it has ComplexAsSimple collision.
[2018.04.21-19.44.57:460][222]PIE: Warning: Trying to simulate physics on ''/Engine/Transient.World_0:PersistentLevel.Soba_Blueprint_C_1.FrontWall'' but it has ComplexAsSimple collision.
[2018.04.21-19.44.57:463][222]PIE: Warning: Trying to simulate physics on ''/Game/FirstPersonBP/Maps/L0.L0:PersistentLevel.Soba_Blueprint_188.FrontWall'' but it has ComplexAsSimple collision.
[2018.04.21-19.44.57:467][222]PIE: Warning: Trying to simulate physics on ''/Game/FirstPersonBP/Maps/L0.L0:PersistentLevel.Soba_Blueprint_188.FrontWall'' but it has ComplexAsSimple collision.
[2018.04.21-19.44.57:468][222]PIE: Warning: Trying to simulate physics on ''/Game/FirstPersonBP/Maps/L0.L0:PersistentLevel.Soba_Blueprint_188.FrontWall'' but it has ComplexAsSimple collision.
[2018.04.21-19.44.57:487][222]PIE: Warning: Trying to simulate physics on ''/Engine/Transient.World_0:PersistentLevel.Soba_Blueprint_C_1.FrontWall'' but it has ComplexAsSimple collision.
[2018.04.21-19.44.57:491][222]PIE: Warning: Trying to simulate physics on ''/Engine/Transient.World_0:PersistentLevel.Soba_Blueprint_C_1.FrontWall'' but it has ComplexAsSimple collision.
[2018.04.21-19.44.57:493][222]PIE: Warning: Trying to simulate physics on ''/Engine/Transient.World_0:PersistentLevel.Soba_Blueprint_C_1.FrontWall'' but it has ComplexAsSimple collision.
[2018.04.21-19.44.57:497][222]PIE: Warning: Trying to simulate physics on ''/Game/FirstPersonBP/Maps/L0.L0:PersistentLevel.Soba_Blueprint_188.FrontWall'' but it has ComplexAsSimple collision.
[2018.04.21-19.44.57:501][222]PIE: Warning: Trying to simulate physics on ''/Game/FirstPersonBP/Maps/L0.L0:PersistentLevel.Soba_Blueprint_188.FrontWall'' but it has ComplexAsSimple collision.
[2018.04.21-19.44.57:502][222]PIE: Warning: Trying to simulate physics on ''/Game/FirstPersonBP/Maps/L0.L0:PersistentLevel.Soba_Blueprint_188.FrontWall'' but it has ComplexAsSimple collision.
[2018.04.21-19.44.57:537][222]LogPlayLevel: PlayLevel: Blueprint regeneration took 583 ms (1 blueprints)
[2018.04.21-19.44.57:538][222]PIE: New page: PIE session: L0 (Apr 21, 2018, 11:44:57 PM)
[2018.04.21-19.44.57:538][222]LogPlayLevel: Creating play world package: /Game/FirstPersonBP/Maps/UEDPIE_0_L0
[2018.04.21-19.44.57:564][222]LogPlayLevel: PIE: StaticDuplicateObject took: (0.025679s)
[2018.04.21-19.44.57:565][222]LogAIModule: Creating AISystem for world L0
[2018.04.21-19.44.57:565][222]LogPlayLevel: PIE: World Init took: (0.001353s)
[2018.04.21-19.44.57:565][222]LogPlayLevel: PIE: Created PIE world by copying editor world from /Game/FirstPersonBP/Maps/L0.L0 to /Game/FirstPersonBP/Maps/UEDPIE_0_L0.L0 (0.027410s)
[2018.04.21-19.44.57:595][222]LogInit: XAudio2 using 'Speakers (Realtek High Definition Audio)' : 2 channels at 48 kHz using 32 bits per sample (channel mask 0x3)
[2018.04.21-19.44.57:612][222]LogInit: FAudioDevice initialized.
[2018.04.21-19.44.57:658][222]LogLoad: Game class is 'FirstPersonGameMode_C'
[2018.04.21-19.44.57:662][222]PIE: Warning: Trying to simulate physics on ''/Game/FirstPersonBP/Maps/UEDPIE_0_L0.L0:PersistentLevel.Soba_Blueprint_188.FrontWall'' but it has ComplexAsSimple collision.
[2018.04.21-19.44.57:665][222]LogWorld: Bringing World /Game/FirstPersonBP/Maps/UEDPIE_0_L0.L0 up for play (max tick rate 60) at 2018.04.21-21.44.57
[2018.04.21-19.44.57:666][222]LogWorld: Bringing up level for play took: 0.006494
[2018.04.21-19.44.57:681][222]LogContentBrowser: Native class hierarchy updated for 'MovieSceneCapture' in 0.0008 seconds. Added 11 classes and 0 folders.
[2018.04.21-19.44.57:683][222]PIE: Play in editor start time for /Game/FirstPersonBP/Maps/UEDPIE_0_L0 0.163
[2018.04.21-19.44.57:683][222]LogBlueprintUserMessages: Late PlayInEditor Detection: Level '/Game/FirstPersonBP/Maps/L0.L0:PersistentLevel' has LevelScriptBlueprint '/Game/FirstPersonBP/Maps/L0.L0:PersistentLevel.L0' with GeneratedClass '/Game/FirstPersonBP/Maps/L0.L0_C' with ClassGeneratedBy '/Game/FirstPersonBP/Maps/L0.L0:PersistentLevel.L0'
[2018.04.21-19.45.28:662][154]LogBlueprintUserMessages: Early EndPlayMap Detection: Level '/Game/FirstPersonBP/Maps/L0.L0:PersistentLevel' has LevelScriptBlueprint '/Game/FirstPersonBP/Maps/L0.L0:PersistentLevel.L0' with GeneratedClass '/Game/FirstPersonBP/Maps/L0.L0_C' with ClassGeneratedBy '/Game/FirstPersonBP/Maps/L0.L0:PersistentLevel.L0'
[2018.04.21-19.45.28:729][154]LogBlueprintUserMessages: Late EndPlayMap Detection: Level '/Game/FirstPersonBP/Maps/L0.L0:PersistentLevel' has LevelScriptBlueprint '/Game/FirstPersonBP/Maps/L0.L0:PersistentLevel.L0' with GeneratedClass '/Game/FirstPersonBP/Maps/L0.L0_C' with ClassGeneratedBy '/Game/FirstPersonBP/Maps/L0.L0:PersistentLevel.L0'
[2018.04.21-19.45.31:868][190]LogSlate: FSceneViewport::OnFocusLost() reason 0
[2018.04.21-19.45.33:082][193]LogSlate: Took 0.000588 seconds to synchronously load lazily loaded font '../../../Engine/Content/Slate/Fonts/Roboto-Italic.ttf' (157K)
[2018.04.21-19.45.41:026][464]Cmd: OBJ SAVEPACKAGE PACKAGE="/Game/FirstPersonBP/Maps/L0" FILE="../../../../../../Users/Tea/Documents/LudumDare_41/LD41/Content/FirstPersonBP/Maps/L0.umap" SILENT=true AUTOSAVING=false KEEPDIRTY=false
[2018.04.21-19.45.41:416][464]LogSavePackage: Save=310.32ms
[2018.04.21-19.45.41:417][464]LogSavePackage: Moving '../../../../../../Users/Tea/Documents/LudumDare_41/LD41/Saved/L03CC867C64BEF96EAF9899FAF449ACC6F.tmp' to '../../../../../../Users/Tea/Documents/LudumDare_41/LD41/Content/FirstPersonBP/Maps/L0.umap'
[2018.04.21-19.45.41:444][464]LogSavePackage: Display: Finished SavePackage ../../../../../../Users/Tea/Documents/LudumDare_41/LD41/Content/FirstPersonBP/Maps/L0.umap
[2018.04.21-19.45.41:508][464]LogFileHelpers: Saving map 'L0' took 0.678
[2018.04.21-19.45.44:385][538]LogTemp: Repeating last play command: Selected Viewport
[2018.04.21-19.45.44:409][538]LogBlueprintUserMessages: Early PlayInEditor Detection: Level '/Game/FirstPersonBP/Maps/L0.L0:PersistentLevel' has LevelScriptBlueprint '/Game/FirstPersonBP/Maps/L0.L0:PersistentLevel.L0' with GeneratedClass '/Game/FirstPersonBP/Maps/L0.L0_C' with ClassGeneratedBy '/Game/FirstPersonBP/Maps/L0.L0:PersistentLevel.L0'
[2018.04.21-19.45.44:409][538]LogPlayLevel: PlayLevel: No blueprints needed recompiling
[2018.04.21-19.45.44:409][538]PIE: New page: PIE session: L0 (Apr 21, 2018, 11:45:44 PM)
[2018.04.21-19.45.44:409][538]LogPlayLevel: Creating play world package: /Game/FirstPersonBP/Maps/UEDPIE_0_L0
[2018.04.21-19.45.44:433][538]LogPlayLevel: PIE: StaticDuplicateObject took: (0.023858s)
[2018.04.21-19.45.44:435][538]LogAIModule: Creating AISystem for world L0
[2018.04.21-19.45.44:435][538]LogPlayLevel: PIE: World Init took: (0.001353s)
[2018.04.21-19.45.44:435][538]LogPlayLevel: PIE: Created PIE world by copying editor world from /Game/FirstPersonBP/Maps/L0.L0 to /Game/FirstPersonBP/Maps/UEDPIE_0_L0.L0 (0.025459s)
[2018.04.21-19.45.44:490][538]LogInit: XAudio2 using 'Speakers (Realtek High Definition Audio)' : 2 channels at 48 kHz using 32 bits per sample (channel mask 0x3)
[2018.04.21-19.45.44:510][538]LogInit: FAudioDevice initialized.
[2018.04.21-19.45.44:544][538]LogLoad: Game class is 'FirstPersonGameMode_C'
[2018.04.21-19.45.44:546][538]PIE: Warning: Trying to simulate physics on ''/Game/FirstPersonBP/Maps/UEDPIE_0_L0.L0:PersistentLevel.Soba_Blueprint_188.FrontWall'' but it has ComplexAsSimple collision.
[2018.04.21-19.45.44:547][538]LogWorld: Bringing World /Game/FirstPersonBP/Maps/UEDPIE_0_L0.L0 up for play (max tick rate 60) at 2018.04.21-21.45.44
[2018.04.21-19.45.44:548][538]LogWorld: Bringing up level for play took: 0.003171
[2018.04.21-19.45.44:550][538]PIE: Play in editor start time for /Game/FirstPersonBP/Maps/UEDPIE_0_L0 1.03
[2018.04.21-19.45.44:550][538]LogBlueprintUserMessages: Late PlayInEditor Detection: Level '/Game/FirstPersonBP/Maps/L0.L0:PersistentLevel' has LevelScriptBlueprint '/Game/FirstPersonBP/Maps/L0.L0:PersistentLevel.L0' with GeneratedClass '/Game/FirstPersonBP/Maps/L0.L0_C' with ClassGeneratedBy '/Game/FirstPersonBP/Maps/L0.L0:PersistentLevel.L0'
[2018.04.21-19.46.18:174][551]LogBlueprintUserMessages: Early EndPlayMap Detection: Level '/Game/FirstPersonBP/Maps/L0.L0:PersistentLevel' has LevelScriptBlueprint '/Game/FirstPersonBP/Maps/L0.L0:PersistentLevel.L0' with GeneratedClass '/Game/FirstPersonBP/Maps/L0.L0_C' with ClassGeneratedBy '/Game/FirstPersonBP/Maps/L0.L0:PersistentLevel.L0'
[2018.04.21-19.46.18:252][551]LogBlueprintUserMessages: Late EndPlayMap Detection: Level '/Game/FirstPersonBP/Maps/L0.L0:PersistentLevel' has LevelScriptBlueprint '/Game/FirstPersonBP/Maps/L0.L0:PersistentLevel.L0' with GeneratedClass '/Game/FirstPersonBP/Maps/L0.L0_C' with ClassGeneratedBy '/Game/FirstPersonBP/Maps/L0.L0:PersistentLevel.L0'
[2018.04.21-19.47.47:206][377]LogSlate: FSceneViewport::OnFocusLost() reason 2
[2018.04.21-19.49.15:344][250]PIE: Warning: Trying to simulate physics on ''/Engine/Transient.World_0:PersistentLevel.Soba_Blueprint_C_1.FrontWall'' but it has ComplexAsSimple collision.
[2018.04.21-19.49.15:351][250]PIE: Warning: Trying to simulate physics on ''/Engine/Transient.World_0:PersistentLevel.Soba_Blueprint_C_1.FrontWall'' but it has ComplexAsSimple collision.
[2018.04.21-19.49.15:359][250]PIE: Warning: Trying to simulate physics on ''/Engine/Transient.World_0:PersistentLevel.Soba_Blueprint_C_1.FrontWall'' but it has ComplexAsSimple collision.
[2018.04.21-19.49.38:582][936]LogSlate: FSceneViewport::OnFocusLost() reason 0
[2018.04.21-19.49.50:529][295]LogSlate: FSceneViewport::OnFocusLost() reason 0
[2018.04.21-19.49.51:783][322]LogTemp: Repeating last play command: Selected Viewport
[2018.04.21-19.49.51:809][322]LogBlueprintUserMessages: Early PlayInEditor Detection: Level '/Game/FirstPersonBP/Maps/L0.L0:PersistentLevel' has LevelScriptBlueprint '/Game/FirstPersonBP/Maps/L0.L0:PersistentLevel.L0' with GeneratedClass '/Game/FirstPersonBP/Maps/L0.L0_C' with ClassGeneratedBy '/Game/FirstPersonBP/Maps/L0.L0:PersistentLevel.L0'
[2018.04.21-19.49.51:809][322]LogPlayLevel: PlayLevel: No blueprints needed recompiling
[2018.04.21-19.49.51:810][322]PIE: New page: PIE session: L0 (Apr 21, 2018, 11:49:51 PM)
[2018.04.21-19.49.51:810][322]LogPlayLevel: Creating play world package: /Game/FirstPersonBP/Maps/UEDPIE_0_L0
[2018.04.21-19.49.51:848][322]LogPlayLevel: PIE: StaticDuplicateObject took: (0.037797s)
[2018.04.21-19.49.51:851][322]LogAIModule: Creating AISystem for world L0
[2018.04.21-19.49.51:859][322]LogPlayLevel: PIE: World Init took: (0.010428s)
[2018.04.21-19.49.51:859][322]LogPlayLevel: PIE: Created PIE world by copying editor world from /Game/FirstPersonBP/Maps/L0.L0 to /Game/FirstPersonBP/Maps/UEDPIE_0_L0.L0 (0.048925s)
[2018.04.21-19.49.51:925][322]LogInit: XAudio2 using 'Speakers (Realtek High Definition Audio)' : 2 channels at 48 kHz using 32 bits per sample (channel mask 0x3)
[2018.04.21-19.49.51:955][322]LogInit: FAudioDevice initialized.
[2018.04.21-19.49.51:995][322]LogLoad: Game class is 'FirstPersonGameMode_C'
[2018.04.21-19.49.51:997][322]PIE: Warning: Trying to simulate physics on ''/Game/FirstPersonBP/Maps/UEDPIE_0_L0.L0:PersistentLevel.Soba_Blueprint_188.FrontWall'' but it has ComplexAsSimple collision.
[2018.04.21-19.49.51:999][322]LogWorld: Bringing World /Game/FirstPersonBP/Maps/UEDPIE_0_L0.L0 up for play (max tick rate 60) at 2018.04.21-21.49.51
[2018.04.21-19.49.52:000][322]LogWorld: Bringing up level for play took: 0.004112
[2018.04.21-19.49.52:003][322]PIE: Play in editor start time for /Game/FirstPersonBP/Maps/UEDPIE_0_L0 0.483
[2018.04.21-19.49.52:003][322]LogBlueprintUserMessages: Late PlayInEditor Detection: Level '/Game/FirstPersonBP/Maps/L0.L0:PersistentLevel' has LevelScriptBlueprint '/Game/FirstPersonBP/Maps/L0.L0:PersistentLevel.L0' with GeneratedClass '/Game/FirstPersonBP/Maps/L0.L0_C' with ClassGeneratedBy '/Game/FirstPersonBP/Maps/L0.L0:PersistentLevel.L0'
[2018.04.21-19.50.23:917][278]LogBlueprintUserMessages: Early EndPlayMap Detection: Level '/Game/FirstPersonBP/Maps/L0.L0:PersistentLevel' has LevelScriptBlueprint '/Game/FirstPersonBP/Maps/L0.L0:PersistentLevel.L0' with GeneratedClass '/Game/FirstPersonBP/Maps/L0.L0_C' with ClassGeneratedBy '/Game/FirstPersonBP/Maps/L0.L0:PersistentLevel.L0'
[2018.04.21-19.50.23:995][278]LogBlueprintUserMessages: Late EndPlayMap Detection: Level '/Game/FirstPersonBP/Maps/L0.L0:PersistentLevel' has LevelScriptBlueprint '/Game/FirstPersonBP/Maps/L0.L0:PersistentLevel.L0' with GeneratedClass '/Game/FirstPersonBP/Maps/L0.L0_C' with ClassGeneratedBy '/Game/FirstPersonBP/Maps/L0.L0:PersistentLevel.L0'
[2018.04.21-19.50.27:414][330]LogSlate: FSceneViewport::OnFocusLost() reason 0
[2018.04.21-19.50.57:435][751]LogSlate: Window 'Message Log' being destroyed
[2018.04.21-19.50.57:513][751]LogSlate: Window 'Message Log' being destroyed
[2018.04.21-19.51.07:137][ 21]LogSlate: FSceneViewport::OnFocusLost() reason 0
[2018.04.21-19.51.12:660][194]PIE: Warning: Trying to simulate physics on ''/Engine/Transient.World_0:PersistentLevel.Soba_Blueprint_C_1.FrontWall'' but it has ComplexAsSimple collision.
[2018.04.21-19.51.12:669][194]PIE: Warning: Trying to simulate physics on ''/Engine/Transient.World_0:PersistentLevel.Soba_Blueprint_C_1.FrontWall'' but it has ComplexAsSimple collision.
[2018.04.21-19.51.12:676][194]PIE: Warning: Trying to simulate physics on ''/Engine/Transient.World_0:PersistentLevel.Soba_Blueprint_C_1.FrontWall'' but it has ComplexAsSimple collision.
[2018.04.21-19.54.06:563][719]LogActorComponent: UnregisterComponent: (/Engine/Transient.EditorFloorComp) Not registered. Aborting.
[2018.04.21-19.54.06:661][719]LogActorComponent: UnregisterComponent: (/Engine/Transient.EditorFloorComp) Not registered. Aborting.
[2018.04.21-19.54.06:736][719]LogSlate: Window 'LD41 - Unreal Editor' being destroyed
[2018.04.21-19.54.07:059][720]Cmd: QUIT_EDITOR
[2018.04.21-19.54.07:581][720]LogWindowsTextInputMethodSystem: Display: IME system now deactivated.
[2018.04.21-19.54.07:603][720]LogSlate: Slate User Destroyed.  User Index 0, Is Virtual User: 0
[2018.04.21-19.54.07:603][720]LogExit: Preparing to exit.
[2018.04.21-19.54.08:468][720]LogDirectoryWatcher: A directory notification for 'C:/Users/Tea/Documents/LudumDare_41/LD41/Content/' was aborted.
[2018.04.21-19.54.08:531][720]LogExit: Editor shut down
[2018.04.21-19.54.08:538][720]LogExit: Transaction tracking system shut down
[2018.04.21-19.54.08:731][720]LogDirectoryWatcher: A directory notification for '../../../Engine/Content/' was aborted.
[2018.04.21-19.54.08:732][720]LogDirectoryWatcher: A directory notification for '../../../../../../Users/Tea/Documents/LudumDare_41/LD41/Content/' was aborted.
[2018.04.21-19.54.08:732][720]LogDirectoryWatcher: A directory notification for '../../Plugins/2D/Paper2D/Content/' was aborted.
[2018.04.21-19.54.08:732][720]LogDirectoryWatcher: A directory notification for '../../Plugins/Enterprise/DatasmithContent/Content/' was aborted.
[2018.04.21-19.54.08:732][720]LogDirectoryWatcher: A directory notification for '../../Plugins/Media/MediaCompositing/Content/' was aborted.
[2018.04.21-19.54.08:732][720]LogDirectoryWatcher: A directory notification for '../../Plugins/Runtime/AppleARKit/Content/' was aborted.
[2018.04.21-19.54.08:732][720]LogDirectoryWatcher: A directory notification for '../../Plugins/Runtime/Oculus/OculusVR/Content/' was aborted.
[2018.04.21-19.54.08:732][720]LogDirectoryWatcher: A directory notification for '../../Plugins/Runtime/Steam/SteamVR/Content/' was aborted.
[2018.04.21-19.54.08:881][720]LogExit: Object subsystem successfully closed.
[2018.04.21-19.54.08:908][720]LogShaderCompilers: Display: Shaders left to compile 0
[2018.04.21-19.54.08:915][720]LogD3D11RHI: Shutdown
[2018.04.21-19.54.08:915][720]LogD3D11RHI: CleanupD3DDevice
[2018.04.21-19.54.08:918][720]LogD3D11RHI: ~FD3D11DynamicRHI
[2018.04.21-19.54.08:966][720]LogModuleManager: Shutting down and abandoning module MovieSceneCapture (578)
[2018.04.21-19.54.08:967][720]LogModuleManager: Shutting down and abandoning module StatsViewer (576)
[2018.04.21-19.54.08:967][720]LogModuleManager: Shutting down and abandoning module BlueprintGraph (574)
[2018.04.21-19.54.08:967][720]LogModuleManager: Shutting down and abandoning module HierarchicalLODOutliner (572)
[2018.04.21-19.54.08:967][720]LogModuleManager: Shutting down and abandoning module SceneOutliner (570)
[2018.04.21-19.54.08:967][720]LogModuleManager: Shutting down and abandoning module AddContentDialog (568)
[2018.04.21-19.54.08:967][720]LogDirectoryWatcher: A directory notification for 'C:/Program Files/Epic Games/UE_4.19/FeaturePacks/' was aborted.
[2018.04.21-19.54.08:968][720]LogModuleManager: Shutting down and abandoning module WidgetCarousel (567)
[2018.04.21-19.54.08:968][720]LogModuleManager: Shutting down and abandoning module EditorWidgets (564)
[2018.04.21-19.54.08:968][720]LogModuleManager: Shutting down and abandoning module CollectionManager (562)
[2018.04.21-19.54.08:968][720]LogDirectoryWatcher: A directory notification for 'C:/Users/Tea/Documents/LudumDare_41/LD41/Content/Collections/' was aborted.
[2018.04.21-19.54.08:969][720]LogDirectoryWatcher: A directory notification for 'C:/Users/Tea/Documents/LudumDare_41/LD41/Content/Developers/Tea/Collections/' was aborted.
[2018.04.21-19.54.08:969][720]LogDirectoryWatcher: A directory notification for 'C:/Users/Tea/Documents/LudumDare_41/LD41/Saved/Collections/' was aborted.
[2018.04.21-19.54.08:969][720]LogModuleManager: Shutting down and abandoning module FoliageEdit (560)
[2018.04.21-19.54.08:969][720]LogModuleManager: Shutting down and abandoning module LandscapeEditor (558)
[2018.04.21-19.54.08:969][720]LogModuleManager: Shutting down and abandoning module MeshPaintMode (556)
[2018.04.21-19.54.08:969][720]LogModuleManager: Shutting down and abandoning module SceneDepthPickerMode (554)
[2018.04.21-19.54.08:969][720]LogModuleManager: Shutting down and abandoning module ActorPickerMode (552)
[2018.04.21-19.54.08:969][720]LogModuleManager: Shutting down and abandoning module GeometryMode (550)
[2018.04.21-19.54.08:969][720]LogModuleManager: Shutting down and abandoning module TextureAlignMode (548)
[2018.04.21-19.54.08:969][720]LogModuleManager: Shutting down and abandoning module BspMode (546)
[2018.04.21-19.54.08:969][720]LogModuleManager: Shutting down and abandoning module PIEPreviewDeviceProfileSelector (544)
[2018.04.21-19.54.08:969][720]LogModuleManager: Shutting down and abandoning module HardwareSurvey (542)
[2018.04.21-19.54.08:969][720]LogModuleManager: Shutting down and abandoning module SequenceRecorderSections (540)
[2018.04.21-19.54.08:969][720]LogModuleManager: Shutting down and abandoning module AutomationWorker (538)
[2018.04.21-19.54.08:970][720]LogModuleManager: Shutting down and abandoning module AudioCaptureEditor (536)
[2018.04.21-19.54.08:970][720]LogModuleManager: Shutting down and abandoning module SequenceRecorder (535)
[2018.04.21-19.54.08:970][720]LogModuleManager: Shutting down and abandoning module MatineeToLevelSequence (532)
[2018.04.21-19.54.08:970][720]LogModuleManager: Shutting down and abandoning module LevelSequenceEditor (530)
[2018.04.21-19.54.08:970][720]LogModuleManager: Shutting down and abandoning module PlacementMode (529)
[2018.04.21-19.54.08:970][720]LogModuleManager: Shutting down and abandoning module MaterialEditor (528)
[2018.04.21-19.54.08:970][720]LogModuleManager: Shutting down and abandoning module WmfMediaFactory (524)
[2018.04.21-19.54.08:970][720]LogModuleManager: Shutting down and abandoning module WmfMediaEditor (522)
[2018.04.21-19.54.08:970][720]LogModuleManager: Shutting down and abandoning module MediaPlayerEditor (520)
[2018.04.21-19.54.08:970][720]LogModuleManager: Shutting down and abandoning module OpenExrWrapper (518)
[2018.04.21-19.54.08:970][720]LogModuleManager: Shutting down and abandoning module ImgMediaFactory (516)
[2018.04.21-19.54.08:970][720]LogModuleManager: Shutting down and abandoning module ImgMediaEditor (514)
[2018.04.21-19.54.08:970][720]LogModuleManager: Shutting down and abandoning module AvfMediaFactory (512)
[2018.04.21-19.54.08:970][720]LogModuleManager: Shutting down and abandoning module AvfMediaEditor (510)
[2018.04.21-19.54.08:970][720]LogModuleManager: Shutting down and abandoning module AndroidMediaFactory (508)
[2018.04.21-19.54.08:970][720]LogModuleManager: Shutting down and abandoning module AndroidMediaEditor (506)
[2018.04.21-19.54.08:970][720]LogModuleManager: Shutting down and abandoning module CharacterAI (504)
[2018.04.21-19.54.08:970][720]LogModuleManager: Shutting down and abandoning module SmartSnapping (502)
[2018.04.21-19.54.08:970][720]LogModuleManager: Shutting down and abandoning module SessionServices (500)
[2018.04.21-19.54.08:970][720]LogModuleManager: Shutting down and abandoning module ViewportSnapping (498)
[2018.04.21-19.54.08:970][720]LogModuleManager: Shutting down and abandoning module ViewportInteraction (496)
[2018.04.21-19.54.08:971][720]LogModuleManager: Shutting down and abandoning module ClothPainter (494)
[2018.04.21-19.54.08:971][720]LogModuleManager: Shutting down and abandoning module SkeletalMeshEditor (493)
[2018.04.21-19.54.08:971][720]LogModuleManager: Shutting down and abandoning module LogVisualizer (490)
[2018.04.21-19.54.08:971][720]LogModuleManager: Shutting down and abandoning module IntroTutorials (488)
[2018.04.21-19.54.08:971][720]LogModuleManager: Shutting down and abandoning module GameProjectGeneration (487)
[2018.04.21-19.54.08:971][720]LogModuleManager: Shutting down and abandoning module IOSPlatformEditor (484)
[2018.04.21-19.54.08:971][720]LogModuleManager: Shutting down and abandoning module HTML5PlatformEditor (482)
[2018.04.21-19.54.08:971][720]LogModuleManager: Shutting down and abandoning module AndroidPlatformEditor (480)
[2018.04.21-19.54.08:971][720]LogModuleManager: Shutting down and abandoning module AndroidDeviceDetection (479)
[2018.04.21-19.54.09:617][720]LogModuleManager: Shutting down and abandoning module WindowsPlatformEditor (476)
[2018.04.21-19.54.09:617][720]LogModuleManager: Shutting down and abandoning module IOSRuntimeSettings (474)
[2018.04.21-19.54.09:617][720]LogModuleManager: Shutting down and abandoning module AndroidRuntimeSettings (472)
[2018.04.21-19.54.09:617][720]LogModuleManager: Shutting down and abandoning module InputBindingEditor (470)
[2018.04.21-19.54.09:617][720]LogModuleManager: Shutting down and abandoning module MergeActors (468)
[2018.04.21-19.54.09:617][720]LogModuleManager: Shutting down and abandoning module LocalizationDashboard (466)
[2018.04.21-19.54.09:617][720]LogModuleManager: Shutting down and abandoning module LocalizationService (465)
[2018.04.21-19.54.09:618][720]LogModuleManager: Shutting down and abandoning module HardwareTargeting (462)
[2018.04.21-19.54.09:618][720]LogModuleManager: Shutting down and abandoning module DeviceProfileEditor (460)
[2018.04.21-19.54.09:618][720]LogModuleManager: Shutting down and abandoning module UndoHistory (458)
[2018.04.21-19.54.09:618][720]LogModuleManager: Shutting down and abandoning module XmlParser (456)
[2018.04.21-19.54.09:618][720]LogModuleManager: Shutting down and abandoning module Blutility (454)
[2018.04.21-19.54.09:618][720]LogModuleManager: Shutting down and abandoning module ProjectSettingsViewer (452)
[2018.04.21-19.54.09:618][720]LogModuleManager: Shutting down and abandoning module ProjectTargetPlatformEditor (451)
[2018.04.21-19.54.09:618][720]LogModuleManager: Shutting down and abandoning module EditorSettingsViewer (448)
[2018.04.21-19.54.09:618][720]LogModuleManager: Shutting down and abandoning module SettingsEditor (446)
[2018.04.21-19.54.09:618][720]LogModuleManager: Shutting down and abandoning module ProjectLauncher (444)
[2018.04.21-19.54.09:618][720]LogModuleManager: Shutting down and abandoning module SessionFrontend (442)
[2018.04.21-19.54.09:618][720]LogModuleManager: Shutting down and abandoning module ProfilerClient (440)
[2018.04.21-19.54.09:618][720]LogModuleManager: Shutting down and abandoning module DeviceManager (438)
[2018.04.21-19.54.09:618][720]LogModuleManager: Shutting down and abandoning module TargetDeviceServices (437)
[2018.04.21-19.54.09:684][720]LogModuleManager: Shutting down and abandoning module AutomationController (434)
[2018.04.21-19.54.09:684][720]LogModuleManager: Shutting down and abandoning module AutomationWindow (432)
[2018.04.21-19.54.09:684][720]LogModuleManager: Shutting down and abandoning module Layers (430)
[2018.04.21-19.54.09:684][720]LogModuleManager: Shutting down and abandoning module ComponentVisualizers (428)
[2018.04.21-19.54.09:684][720]LogModuleManager: Shutting down and abandoning module DetailCustomizations (426)
[2018.04.21-19.54.09:684][720]LogModuleManager: Shutting down and abandoning module PackagesDialog (424)
[2018.04.21-19.54.09:684][720]LogModuleManager: Shutting down and abandoning module Persona (422)
[2018.04.21-19.54.09:684][720]LogModuleManager: Shutting down and abandoning module AdvancedPreviewScene (421)
[2018.04.21-19.54.09:684][720]LogModuleManager: Shutting down and abandoning module AnimGraph (419)
[2018.04.21-19.54.09:684][720]LogModuleManager: Shutting down and abandoning module Kismet (416)
[2018.04.21-19.54.09:691][720]LogModuleManager: Shutting down and abandoning module GraphEditor (414)
[2018.04.21-19.54.09:691][720]LogModuleManager: Shutting down and abandoning module ClassViewer (412)
[2018.04.21-19.54.09:691][720]LogModuleManager: Shutting down and abandoning module Toolbox (410)
[2018.04.21-19.54.09:691][720]LogModuleManager: Shutting down and abandoning module ModuleUI (408)
[2018.04.21-19.54.09:691][720]LogModuleManager: Shutting down and abandoning module MovieSceneTools (406)
[2018.04.21-19.54.09:691][720]LogModuleManager: Shutting down and abandoning module OutputLog (404)
[2018.04.21-19.54.09:691][720]LogModuleManager: Shutting down and abandoning module GammaUI (402)
[2018.04.21-19.54.09:691][720]LogModuleManager: Shutting down and abandoning module Documentation (400)
[2018.04.21-19.54.09:691][720]LogModuleManager: Shutting down and abandoning module MovieSceneTracks (398)
[2018.04.21-19.54.09:691][720]LogModuleManager: Shutting down and abandoning module MovieScene (396)
[2018.04.21-19.54.09:691][720]LogModuleManager: Shutting down and abandoning module StreamingPauseRendering (394)
[2018.04.21-19.54.09:691][720]LogModuleManager: Shutting down and abandoning module LauncherPlatform (392)
[2018.04.21-19.54.09:691][720]LogModuleManager: Shutting down and abandoning module AnalyticsET (390)
[2018.04.21-19.54.09:691][720]LogModuleManager: Shutting down and abandoning module PortalServices (388)
[2018.04.21-19.54.09:691][720]LogModuleManager: Shutting down and abandoning module PortalRpc (386)
[2018.04.21-19.54.09:691][720]LogModuleManager: Shutting down and abandoning module MessagingRpc (384)
[2018.04.21-19.54.09:692][720]LogModuleManager: Shutting down and abandoning module AIModule (382)
[2018.04.21-19.54.09:692][720]LogModuleManager: Shutting down and abandoning module GameplayDebugger (381)
[2018.04.21-19.54.09:692][720]LogModuleManager: Shutting down and abandoning module AITestSuite (379)
[2018.04.21-19.54.09:692][720]LogModuleManager: Shutting down and abandoning module DesktopPlatform (376)
[2018.04.21-19.54.09:692][720]LogModuleManager: Shutting down and abandoning module ProfilerService (374)
[2018.04.21-19.54.09:823][720]LogModuleManager: Shutting down and abandoning module TaskGraph (372)
[2018.04.21-19.54.09:823][720]LogModuleManager: Shutting down and abandoning module SteamVRController (370)
[2018.04.21-19.54.09:823][720]LogModuleManager: Shutting down and abandoning module ProceduralMeshComponentEditor (368)
[2018.04.21-19.54.09:823][720]LogModuleManager: Shutting down and abandoning module ProceduralMeshComponent (366)
[2018.04.21-19.54.09:823][720]LogModuleManager: Shutting down and abandoning module OculusInput (364)
[2018.04.21-19.54.09:823][720]LogModuleManager: Shutting down and abandoning module MobilePatchingUtils (362)
[2018.04.21-19.54.09:823][720]LogModuleManager: Shutting down and abandoning module CustomMeshComponent (360)
[2018.04.21-19.54.09:823][720]LogModuleManager: Shutting down and abandoning module CableComponent (358)
[2018.04.21-19.54.09:823][720]LogModuleManager: Shutting down and abandoning module AudioCapture (356)
[2018.04.21-19.54.09:823][720]LogModuleManager: Shutting down and abandoning module ArchVisCharacter (354)
[2018.04.21-19.54.09:823][720]LogModuleManager: Shutting down and abandoning module AndroidPermission (352)
[2018.04.21-19.54.09:824][720]LogModuleManager: Shutting down and abandoning module NUTUnrealEngine4 (348)
[2018.04.21-19.54.09:824][720]LogModuleManager: Shutting down and abandoning module NetcodeUnitTest (346)
[2018.04.21-19.54.09:824][720]LogModuleManager: Shutting down and abandoning module MediaCompositingEditor (344)
[2018.04.21-19.54.09:824][720]LogModuleManager: Shutting down and abandoning module MediaCompositing (342)
[2018.04.21-19.54.09:824][720]LogModuleManager: Shutting down and abandoning module LinearTimecode (340)
[2018.04.21-19.54.09:824][720]LogModuleManager: Shutting down and abandoning module ImgMedia (338)
[2018.04.21-19.54.09:830][720]LogModuleManager: Shutting down and abandoning module HTML5Networking (336)
[2018.04.21-19.54.09:830][720]LogModuleManager: Shutting down and abandoning module AlembicImporter (334)
[2018.04.21-19.54.09:830][720]LogModuleManager: Shutting down and abandoning module AlembicLibrary (333)
[2018.04.21-19.54.09:830][720]LogModuleManager: Shutting down and abandoning module GeometryCache (332)
[2018.04.21-19.54.09:830][720]LogModuleManager: Shutting down and abandoning module GeometryCacheEd (331)
[2018.04.21-19.54.09:830][720]LogModuleManager: Shutting down and abandoning module DatasmithContent (326)
[2018.04.21-19.54.09:830][720]LogModuleManager: Shutting down and abandoning module SpeedTreeImporter (324)
[2018.04.21-19.54.09:830][720]LogModuleManager: Shutting down and abandoning module PluginBrowser (322)
[2018.04.21-19.54.09:830][720]LogModuleManager: Shutting down and abandoning module MobileLauncherProfileWizard (320)
[2018.04.21-19.54.09:830][720]LogModuleManager: Shutting down and abandoning module CryptoKeysOpenSSL (318)
[2018.04.21-19.54.09:831][720]LogModuleManager: Shutting down and abandoning module CryptoKeys (316)
[2018.04.21-19.54.09:831][720]LogModuleManager: Shutting down and abandoning module VisualStudioSourceCodeAccess (314)
[2018.04.21-19.54.09:831][720]LogModuleManager: Shutting down and abandoning module VisualStudioCodeSourceCodeAccess (312)
[2018.04.21-19.54.09:831][720]LogModuleManager: Shutting down and abandoning module UObjectPlugin (310)
[2018.04.21-19.54.09:831][720]LogModuleManager: Shutting down and abandoning module SubversionSourceControl (308)
[2018.04.21-19.54.09:831][720]LogModuleManager: Shutting down and abandoning module PerforceSourceControl (306)
[2018.04.21-19.54.09:831][720]LogModuleManager: Shutting down and abandoning module GitSourceControl (304)
[2018.04.21-19.54.09:831][720]LogModuleManager: Shutting down and abandoning module SourceControl (303)
[2018.04.21-19.54.09:832][720]LogModuleManager: Shutting down and abandoning module CLionSourceCodeAccess (300)
[2018.04.21-19.54.09:832][720]LogModuleManager: Shutting down and abandoning module LightPropagationVolumeEditor (298)
[2018.04.21-19.54.09:832][720]LogModuleManager: Shutting down and abandoning module PaperTiledImporter (296)
[2018.04.21-19.54.09:832][720]LogModuleManager: Shutting down and abandoning module PaperSpriteSheetImporter (294)
[2018.04.21-19.54.09:832][720]LogModuleManager: Shutting down and abandoning module Paper2DEditor (292)
[2018.04.21-19.54.09:832][720]LogModuleManager: Shutting down and abandoning module MeshPaint (291)
[2018.04.21-19.54.09:832][720]LogModuleManager: Shutting down and abandoning module RuntimePhysXCooking (288)
[2018.04.21-19.54.09:832][720]LogModuleManager: Shutting down and abandoning module PhysXVehiclesEditor (286)
[2018.04.21-19.54.09:832][720]LogModuleManager: Shutting down and abandoning module PhysXVehicles (284)
[2018.04.21-19.54.09:832][720]LogModuleManager: Shutting down and abandoning module OculusEditor (282)
[2018.04.21-19.54.09:832][720]LogModuleManager: Shutting down and abandoning module LocationServicesBPLibrary (280)
[2018.04.21-19.54.09:832][720]LogModuleManager: Shutting down and abandoning module ImmediatePhysicsEditor (278)
[2018.04.21-19.54.09:832][720]LogModuleManager: Shutting down and abandoning module ImmediatePhysics (276)
[2018.04.21-19.54.09:832][720]LogModuleManager: Shutting down and abandoning module ActorSequence (274)
[2018.04.21-19.54.09:832][720]LogModuleManager: Shutting down and abandoning module UdpMessaging (272)
[2018.04.21-19.54.09:932][720]LogModuleManager: Shutting down and abandoning module TcpMessaging (270)
[2018.04.21-19.54.10:033][720]LogModuleManager: Shutting down and abandoning module GameplayTagsEditor (268)
[2018.04.21-19.54.10:033][720]LogModuleManager: Shutting down and abandoning module FacialAnimationEditor (266)
[2018.04.21-19.54.10:033][720]LogModuleManager: Shutting down and abandoning module FacialAnimation (264)
[2018.04.21-19.54.10:033][720]LogModuleManager: Shutting down and abandoning module DataValidation (262)
[2018.04.21-19.54.10:033][720]LogModuleManager: Shutting down and abandoning module AssetManagerEditor (260)
[2018.04.21-19.54.10:033][720]LogModuleManager: Shutting down and abandoning module LevelEditor (259)
[2018.04.21-19.54.10:034][720]LogModuleManager: Shutting down and abandoning module PixelInspectorModule (258)
[2018.04.21-19.54.10:035][720]LogModuleManager: Shutting down and abandoning module CommonMenuExtensions (256)
[2018.04.21-19.54.10:035][720]LogModuleManager: Shutting down and abandoning module MainFrame (254)
[2018.04.21-19.54.10:035][720]LogModuleManager: Shutting down and abandoning module HotReload (253)
[2018.04.21-19.54.10:036][720]LogModuleManager: Shutting down and abandoning module ContentBrowser (249)
[2018.04.21-19.54.10:037][720]LogModuleManager: Shutting down and abandoning module TreeMap (247)
[2018.04.21-19.54.10:037][720]LogModuleManager: Shutting down and abandoning module LightPropagationVolumeRuntime (244)
[2018.04.21-19.54.10:038][720]LogModuleManager: Shutting down and abandoning module LiveLinkEditor (242)
[2018.04.21-19.54.10:038][720]LogModuleManager: Shutting down and abandoning module LiveLink (240)
[2018.04.21-19.54.10:864][720]LogModuleManager: Shutting down and abandoning module Paper2D (238)
[2018.04.21-19.54.10:864][720]LogModuleManager: Shutting down and abandoning module WindowsMoviePlayer (236)
[2018.04.21-19.54.10:864][720]LogModuleManager: Shutting down and abandoning module WmfMedia (234)
[2018.04.21-19.54.10:866][720]LogModuleManager: Shutting down and abandoning module Media (233)
[2018.04.21-19.54.10:872][720]LogModuleManager: Shutting down and abandoning module PacketHandler (230)
[2018.04.21-19.54.10:872][720]LogModuleManager: Shutting down and abandoning module ClothingSystemEditor (228)
[2018.04.21-19.54.10:872][720]LogModuleManager: Shutting down and abandoning module ClothingSystemRuntime (226)
[2018.04.21-19.54.10:872][720]LogModuleManager: Shutting down and abandoning module MediaAssets (224)
[2018.04.21-19.54.10:872][720]LogModuleManager: Shutting down and abandoning module Overlay (222)
[2018.04.21-19.54.10:872][720]LogModuleManager: Shutting down and abandoning module OverlayEditor (221)
[2018.04.21-19.54.10:872][720]LogModuleManager: Shutting down and abandoning module VREditor (218)
[2018.04.21-19.54.10:873][720]LogModuleManager: Shutting down and abandoning module StringTableEditor (216)
[2018.04.21-19.54.10:873][720]LogModuleManager: Shutting down and abandoning module GameplayTasksEditor (214)
[2018.04.21-19.54.10:873][720]LogModuleManager: Shutting down and abandoning module BehaviorTreeEditor (212)
[2018.04.21-19.54.10:873][720]LogModuleManager: Shutting down and abandoning module FunctionalTesting (210)
[2018.04.21-19.54.10:873][720]LogModuleManager: Shutting down and abandoning module CollisionAnalyzer (208)
[2018.04.21-19.54.10:873][720]LogModuleManager: Shutting down and abandoning module WorkspaceMenuStructure (207)
[2018.04.21-19.54.10:873][720]LogModuleManager: Shutting down and abandoning module UMG (204)
[2018.04.21-19.54.10:873][720]LogModuleManager: Shutting down and abandoning module UMGEditor (203)
[2018.04.21-19.54.10:873][720]LogModuleManager: Shutting down and abandoning module Sequencer (202)
[2018.04.21-19.54.10:873][720]LogModuleManager: Shutting down and abandoning module MessageLog (199)
[2018.04.21-19.54.10:873][720]LogModuleManager: Shutting down and abandoning module SlateReflector (194)
[2018.04.21-19.54.10:873][720]LogModuleManager: Shutting down and abandoning module Slate (192)
[2018.04.21-19.54.10:873][720]LogModuleManager: Shutting down and abandoning module EditorStyle (190)
[2018.04.21-19.54.10:876][720]LogModuleManager: Shutting down and abandoning module MRMesh (188)
[2018.04.21-19.54.10:876][720]LogModuleManager: Shutting down and abandoning module SourceCodeAccess (186)
[2018.04.21-19.54.10:877][720]LogModuleManager: Shutting down and abandoning module HeadMountedDisplay (184)
[2018.04.21-19.54.10:877][720]LogModuleManager: Shutting down and abandoning module XAudio2 (182)
[2018.04.21-19.54.10:877][720]LogModuleManager: Shutting down and abandoning module Networking (180)
[2018.04.21-19.54.10:877][720]LogModuleManager: Shutting down and abandoning module Core (178)
[2018.04.21-19.54.10:877][720]LogModuleManager: Shutting down and abandoning module LevelSequence (176)
[2018.04.21-19.54.10:877][720]LogModuleManager: Shutting down and abandoning module KismetCompiler (174)
[2018.04.21-19.54.10:877][720]LogModuleManager: Shutting down and abandoning module MeshUtilities (172)
[2018.04.21-19.54.10:877][720]LogModuleManager: Shutting down and abandoning module MeshMergeUtilities (171)
[2018.04.21-19.54.10:877][720]LogModuleManager: Shutting down and abandoning module MeshReductionInterface (170)
[2018.04.21-19.54.10:877][720]LogModuleManager: Shutting down and abandoning module SimplygonSwarm (169)
[2018.04.21-19.54.10:877][720]LogModuleManager: Shutting down and abandoning module SimplygonMeshReduction (167)
[2018.04.21-19.54.10:877][720]LogModuleManager: Shutting down and abandoning module QuadricMeshReduction (165)
[2018.04.21-19.54.10:877][720]LogModuleManager: Shutting down and abandoning module MaterialBaking (161)
[2018.04.21-19.54.10:877][720]LogModuleManager: Shutting down and abandoning module DirectoryWatcher (157)
[2018.04.21-19.54.10:878][720]LogModuleManager: Shutting down and abandoning module DerivedDataCache (154)
[2018.04.21-19.54.10:939][720]LogDerivedDataCache: Shutdown
[2018.04.21-19.54.10:939][720]LogModuleManager: Shutting down and abandoning module XGEController (152)
[2018.04.21-19.54.10:940][720]LogModuleManager: Shutting down and abandoning module TargetPlatform (150)
[2018.04.21-19.54.10:940][720]LogModuleManager: Shutting down and abandoning module VulkanShaderFormat (149)
[2018.04.21-19.54.10:940][720]LogModuleManager: Shutting down and abandoning module ShaderFormatVectorVM (147)
[2018.04.21-19.54.10:940][720]LogModuleManager: Shutting down and abandoning module ShaderFormatOpenGL (145)
[2018.04.21-19.54.10:940][720]LogModuleManager: Shutting down and abandoning module ShaderFormatD3D (143)
[2018.04.21-19.54.10:940][720]LogModuleManager: Shutting down and abandoning module MetalShaderFormat (141)
[2018.04.21-19.54.10:940][720]LogModuleManager: Shutting down and abandoning module TextureFormatUncompressed (139)
[2018.04.21-19.54.10:940][720]LogModuleManager: Shutting down and abandoning module TextureFormatPVR (137)
[2018.04.21-19.54.10:940][720]LogModuleManager: Shutting down and abandoning module TextureFormatDXT (135)
[2018.04.21-19.54.10:940][720]LogModuleManager: Shutting down and abandoning module TextureFormatIntelISPCTexComp (133)
[2018.04.21-19.54.10:940][720]LogModuleManager: Shutting down and abandoning module TextureFormatASTC (131)
[2018.04.21-19.54.10:940][720]LogModuleManager: Shutting down and abandoning module ImageWrapper (130)
[2018.04.21-19.54.10:940][720]LogModuleManager: Shutting down and abandoning module TextureFormatAndroid (127)
[2018.04.21-19.54.10:940][720]LogModuleManager: Shutting down and abandoning module AudioFormatOpus (125)
[2018.04.21-19.54.10:940][720]LogModuleManager: Shutting down and abandoning module AudioFormatOgg (123)
[2018.04.21-19.54.10:940][720]LogModuleManager: Shutting down and abandoning module AudioFormatADPCM (121)
[2018.04.21-19.54.10:940][720]LogModuleManager: Shutting down and abandoning module LinuxTargetPlatform (119)
[2018.04.21-19.54.10:940][720]LogModuleManager: Shutting down and abandoning module LinuxServerTargetPlatform (117)
[2018.04.21-19.54.10:940][720]LogModuleManager: Shutting down and abandoning module LinuxNoEditorTargetPlatform (115)
[2018.04.21-19.54.10:940][720]LogModuleManager: Shutting down and abandoning module LinuxClientTargetPlatform (113)
[2018.04.21-19.54.10:940][720]LogModuleManager: Shutting down and abandoning module TVOSTargetPlatform (111)
[2018.04.21-19.54.10:940][720]LogModuleManager: Shutting down and abandoning module Messaging (109)
[2018.04.21-19.54.10:940][720]LogModuleManager: Shutting down and abandoning module IOSTargetPlatform (107)
[2018.04.21-19.54.10:940][720]LogModuleManager: Shutting down and abandoning module HTML5TargetPlatform (105)
[2018.04.21-19.54.10:940][720]LogModuleManager: Shutting down and abandoning module AndroidTargetPlatform (103)
[2018.04.21-19.54.10:940][720]LogModuleManager: Shutting down and abandoning module Android_PVRTCTargetPlatform (101)
[2018.04.21-19.54.10:940][720]LogModuleManager: Shutting down and abandoning module Android_MultiTargetPlatform (99)
[2018.04.21-19.54.10:940][720]LogModuleManager: Shutting down and abandoning module Android_ETC2TargetPlatform (97)
[2018.04.21-19.54.10:940][720]LogModuleManager: Shutting down and abandoning module Android_ETC1TargetPlatform (95)
[2018.04.21-19.54.10:940][720]LogModuleManager: Shutting down and abandoning module Android_ETC1aTargetPlatform (93)
[2018.04.21-19.54.10:940][720]LogModuleManager: Shutting down and abandoning module Android_DXTTargetPlatform (91)
[2018.04.21-19.54.10:940][720]LogModuleManager: Shutting down and abandoning module Android_ATCTargetPlatform (89)
[2018.04.21-19.54.10:940][720]LogModuleManager: Shutting down and abandoning module Android_ASTCTargetPlatform (87)
[2018.04.21-19.54.10:940][720]LogModuleManager: Shutting down and abandoning module WindowsTargetPlatform (85)
[2018.04.21-19.54.10:940][720]LogModuleManager: Shutting down and abandoning module WindowsServerTargetPlatform (83)
[2018.04.21-19.54.10:940][720]LogModuleManager: Shutting down and abandoning module WindowsNoEditorTargetPlatform (81)
[2018.04.21-19.54.10:940][720]LogModuleManager: Shutting down and abandoning module WindowsClientTargetPlatform (79)
[2018.04.21-19.54.10:940][720]LogModuleManager: Shutting down and abandoning module MacTargetPlatform (77)
[2018.04.21-19.54.10:940][720]LogModuleManager: Shutting down and abandoning module MacServerTargetPlatform (75)
[2018.04.21-19.54.10:940][720]LogModuleManager: Shutting down and abandoning module MacNoEditorTargetPlatform (73)
[2018.04.21-19.54.10:941][720]LogModuleManager: Shutting down and abandoning module MacClientTargetPlatform (71)
[2018.04.21-19.54.10:941][720]LogModuleManager: Shutting down and abandoning module AllDesktopTargetPlatform (69)
[2018.04.21-19.54.10:941][720]LogModuleManager: Shutting down and abandoning module InputCore (66)
[2018.04.21-19.54.10:941][720]LogModuleManager: Shutting down and abandoning module Settings (64)
[2018.04.21-19.54.10:941][720]LogModuleManager: Shutting down and abandoning module PhysXCooking (62)
[2018.04.21-19.54.10:941][720]LogModuleManager: Shutting down and abandoning module SteamVR (60)
[2018.04.21-19.54.10:941][720]LogModuleManager: Shutting down and abandoning module OculusHMD (58)
[2018.04.21-19.54.10:941][720]LogModuleManager: Shutting down and abandoning module ExampleDeviceProfileSelector (56)
[2018.04.21-19.54.10:941][720]LogModuleManager: Shutting down and abandoning module AppleARKit (54)
[2018.04.21-19.54.10:941][720]LogModuleManager: Shutting down and abandoning module AugmentedReality (51)
[2018.04.21-19.54.10:941][720]LogModuleManager: Shutting down and abandoning module OnlineBlueprintSupport (48)
[2018.04.21-19.54.10:941][720]LogModuleManager: Shutting down and abandoning module OnlineSubsystem (44)
[2018.04.21-19.54.10:941][720]LogModuleManager: Shutting down and abandoning module XMPP (43)
[2018.04.21-19.54.10:941][720]LogModuleManager: Shutting down and abandoning module HTTP (41)
[2018.04.21-19.54.10:941][720]LogHttp: Display: Http module shutting down, but needs to wait on 1 outstanding Http requests:
[2018.04.21-19.54.10:941][720]LogHttp: Display: 	verb=[POST] url=[https://datarouter.ol.epicgames.com/datarouter/api/v1/public/data?SessionID=%7B453CE955-4B57-9172-1D63-608F97E1678E%7D&AppID=UEEditor.Rocket.Release&AppVersion=4.19.1-3989454%2B%2B%2BUE4%2BRelease-4.19&UserID=92a9a5a04a89b133eff943bc37641f7d%7C42dc094cccbb4732ab925edbfff6af37%7C33eb3e9b-3884-4cff-8105-cddf4c57febf&AppEnvironment=datacollector-binary&UploadType=eteventstream] status=Processing
[2018.04.21-19.54.10:944][720]LogModuleManager: Shutting down and abandoning module SSL (40)
[2018.04.21-19.54.10:945][720]LogModuleManager: Shutting down and abandoning module AnimationModifiers (36)
[2018.04.21-19.54.10:945][720]LogModuleManager: Shutting down and abandoning module PropertyEditor (35)
[2018.04.21-19.54.10:945][720]LogModuleManager: Shutting down and abandoning module AudioEditor (32)
[2018.04.21-19.54.10:945][720]LogModuleManager: Shutting down and abandoning module TextureCompressor (30)
[2018.04.21-19.54.10:946][720]LogModuleManager: Shutting down and abandoning module ShaderCore (28)
[2018.04.21-19.54.10:946][720]LogModuleManager: Shutting down and abandoning module Landscape (26)
[2018.04.21-19.54.10:946][720]LogModuleManager: Shutting down and abandoning module SlateRHIRenderer (24)
[2018.04.21-19.54.10:947][720]LogModuleManager: Shutting down and abandoning module OpenGLDrv (22)
[2018.04.21-19.54.10:947][720]LogModuleManager: Shutting down and abandoning module D3D11RHI (20)
[2018.04.21-19.54.10:947][720]LogModuleManager: Shutting down and abandoning module AnimGraphRuntime (18)
[2018.04.21-19.54.10:947][720]LogModuleManager: Shutting down and abandoning module Renderer (16)
[2018.04.21-19.54.10:947][720]LogModuleManager: Shutting down and abandoning module Engine (14)
[2018.04.21-19.54.10:947][720]LogModuleManager: Shutting down and abandoning module CoreUObject (12)
[2018.04.21-19.54.10:947][720]LogModuleManager: Shutting down and abandoning module NetworkFile (10)
[2018.04.21-19.54.10:947][720]LogModuleManager: Shutting down and abandoning module CookedIterativeFile (8)
[2018.04.21-19.54.10:947][720]LogModuleManager: Shutting down and abandoning module StreamingFile (6)
[2018.04.21-19.54.10:947][720]LogModuleManager: Shutting down and abandoning module SandboxFile (4)
[2018.04.21-19.54.10:947][720]LogModuleManager: Shutting down and abandoning module PakFile (2)
[2018.04.21-19.54.10:951][720]LogExit: Exiting.
[2018.04.21-19.54.10:970][720]Log file closed, 04/21/18 21:54:10
